"TimeCreated","Id","ProviderName","LevelDisplayName","Message"
"6/8/2026 3:40:49 PM","4672","Microsoft-Windows-Security-Auditing","Information","Special privileges assigned to new logon.

Subject:
	Security ID:		S-1-5-18
	Account Name:		SYSTEM
	Account Domain:		NT AUTHORITY
	Logon ID:		0x3E7

Privileges:		SeAssignPrimaryTokenPrivilege
			SeTcbPrivilege
			SeSecurityPrivilege
			SeTakeOwnershipPrivilege
			SeLoadDriverPrivilege
			SeBackupPrivilege
			SeRestorePrivilege
			SeDebugPrivilege
			SeAuditPrivilege
			SeSystemEnvironmentPrivilege
			SeImpersonatePrivilege
			SeDelegateSessionUserImpersonatePrivilege"
"6/8/2026 3:40:49 PM","4624","Microsoft-Windows-Security-Auditing","Information","An account was successfully logged on.

Subject:
	Security ID:		S-1-5-18
	Account Name:		HAMPUSDATOR$
	Account Domain:		WORKGROUP
	Logon ID:		0x3E7

Logon Information:
	Logon Type:		5
	Restricted Admin Mode:	-
	Remote Credential Guard:	-
	Virtual Account:		No
	Elevated Token:		Yes

Impersonation Level:		Impersonation

New Logon:
	Security ID:		S-1-5-18
	Account Name:		SYSTEM
	Account Domain:		NT AUTHORITY
	Logon ID:		0x3E7
	Linked Logon ID:		0x0
	Network Account Name:	-
	Network Account Domain:	-
	Logon GUID:		{00000000-0000-0000-0000-000000000000}

Process Information:
	Process ID:		0x5c0
	Process Name:		C:\Windows\System32\services.exe

Network Information:
	Workstation Name:	-
	Source Network Address:	-
	Source Port:		-

Detailed Authentication Information:
	Logon Process:		Advapi  
	Authentication Package:	Negotiate
	Transited Services:	-
	Package Name (NTLM only):	-
	Key Length:		0

This event is generated when a logon session is created. It is generated on the computer that was accessed.

The subject fields indicate the account on the local system which requested the logon. This is most commonly a service such as the Server service, or a local process such as Winlogon.exe or Services.exe.

The logon type field indicates the kind of logon that occurred. The most common types are 2 (interactive) and 3 (network).

The New Logon fields indicate the account for whom the new logon was created, i.e. the account that was logged on.

The network fields indicate where a remote logon request originated. Workstation name is not always available and may be left blank in some cases.

The impersonation level field indicates the extent to which a process in the logon session can impersonate.

The authentication information fields provide detailed information about this specific logon request.
	- Logon GUID is a unique identifier that can be used to correlate this event with a KDC event.
	- Transited services indicate which intermediate services have participated in this logon request.
	- Package name indicates which sub-protocol was used among the NTLM protocols.
	- Key length indicates the length of the generated session key. This will be 0 if no session key was requested."
"6/8/2026 3:39:10 PM","5379","Microsoft-Windows-Security-Auditing","Information","Credential Manager credentials were read.

Subject:
	Security ID:		S-1-5-21-1166803202-1272800745-2178753265-1001
	Account Name:		hampu
	Account Domain:		HAMPUSDATOR
	Logon ID:		0x42BF54
	Read Operation:		Enumerate Credentials

This event occurs when a user performs a read operation on stored credentials in Credential Manager."
"6/8/2026 3:39:10 PM","5379","Microsoft-Windows-Security-Auditing","Information","Credential Manager credentials were read.

Subject:
	Security ID:		S-1-5-21-1166803202-1272800745-2178753265-1001
	Account Name:		hampu
	Account Domain:		HAMPUSDATOR
	Logon ID:		0x42BF54
	Read Operation:		Enumerate Credentials

This event occurs when a user performs a read operation on stored credentials in Credential Manager."
"6/8/2026 3:39:10 PM","5379","Microsoft-Windows-Security-Auditing","Information","Credential Manager credentials were read.

Subject:
	Security ID:		S-1-5-21-1166803202-1272800745-2178753265-1001
	Account Name:		hampu
	Account Domain:		HAMPUSDATOR
	Logon ID:		0x42BF54
	Read Operation:		Enumerate Credentials

This event occurs when a user performs a read operation on stored credentials in Credential Manager."
"6/8/2026 3:39:10 PM","5379","Microsoft-Windows-Security-Auditing","Information","Credential Manager credentials were read.

Subject:
	Security ID:		S-1-5-21-1166803202-1272800745-2178753265-1001
	Account Name:		hampu
	Account Domain:		HAMPUSDATOR
	Logon ID:		0x42BF54
	Read Operation:		Enumerate Credentials

This event occurs when a user performs a read operation on stored credentials in Credential Manager."
"6/8/2026 3:39:10 PM","5379","Microsoft-Windows-Security-Auditing","Information","Credential Manager credentials were read.

Subject:
	Security ID:		S-1-5-21-1166803202-1272800745-2178753265-1001
	Account Name:		hampu
	Account Domain:		HAMPUSDATOR
	Logon ID:		0x42BF54
	Read Operation:		Enumerate Credentials

This event occurs when a user performs a read operation on stored credentials in Credential Manager."
"6/8/2026 3:39:10 PM","5379","Microsoft-Windows-Security-Auditing","Information","Credential Manager credentials were read.

Subject:
	Security ID:		S-1-5-21-1166803202-1272800745-2178753265-1001
	Account Name:		hampu
	Account Domain:		HAMPUSDATOR
	Logon ID:		0x42BF54
	Read Operation:		Enumerate Credentials

This event occurs when a user performs a read operation on stored credentials in Credential Manager."
"6/8/2026 3:39:10 PM","5379","Microsoft-Windows-Security-Auditing","Information","Credential Manager credentials were read.

Subject:
	Security ID:		S-1-5-18
	Account Name:		HAMPUSDATOR$
	Account Domain:		WORKGROUP
	Logon ID:		0x3E7
	Read Operation:		Enumerate Credentials

This event occurs when a user performs a read operation on stored credentials in Credential Manager."
"6/8/2026 3:39:10 PM","5379","Microsoft-Windows-Security-Auditing","Information","Credential Manager credentials were read.

Subject:
	Security ID:		S-1-5-18
	Account Name:		HAMPUSDATOR$
	Account Domain:		WORKGROUP
	Logon ID:		0x3E7
	Read Operation:		Enumerate Credentials

This event occurs when a user performs a read operation on stored credentials in Credential Manager."
"6/8/2026 3:39:10 PM","5379","Microsoft-Windows-Security-Auditing","Information","Credential Manager credentials were read.

Subject:
	Security ID:		S-1-5-18
	Account Name:		HAMPUSDATOR$
	Account Domain:		WORKGROUP
	Logon ID:		0x3E7
	Read Operation:		Enumerate Credentials

This event occurs when a user performs a read operation on stored credentials in Credential Manager."
"6/8/2026 3:39:10 PM","4798","Microsoft-Windows-Security-Auditing","Information","A user's local group membership was enumerated.

Subject:
	Security ID:		S-1-5-21-1166803202-1272800745-2178753265-1001
	Account Name:		hampu
	Account Domain:		HAMPUSDATOR
	Logon ID:		0x42BF54

User:
	Security ID:		S-1-5-21-1166803202-1272800745-2178753265-1001
	Account Name:		hampu
	Account Domain:		HampusDator

Process Information:
	Process ID:		0x363c
	Process Name:		C:\Windows\explorer.exe"
"6/8/2026 3:39:10 PM","4672","Microsoft-Windows-Security-Auditing","Information","Special privileges assigned to new logon.

Subject:
	Security ID:		S-1-5-18
	Account Name:		SYSTEM
	Account Domain:		NT AUTHORITY
	Logon ID:		0x3E7

Privileges:		SeAssignPrimaryTokenPrivilege
			SeTcbPrivilege
			SeSecurityPrivilege
			SeTakeOwnershipPrivilege
			SeLoadDriverPrivilege
			SeBackupPrivilege
			SeRestorePrivilege
			SeDebugPrivilege
			SeAuditPrivilege
			SeSystemEnvironmentPrivilege
			SeImpersonatePrivilege
			SeDelegateSessionUserImpersonatePrivilege"
"6/8/2026 3:39:10 PM","4624","Microsoft-Windows-Security-Auditing","Information","An account was successfully logged on.

Subject:
	Security ID:		S-1-5-18
	Account Name:		HAMPUSDATOR$
	Account Domain:		WORKGROUP
	Logon ID:		0x3E7

Logon Information:
	Logon Type:		5
	Restricted Admin Mode:	-
	Remote Credential Guard:	-
	Virtual Account:		No
	Elevated Token:		Yes

Impersonation Level:		Impersonation

New Logon:
	Security ID:		S-1-5-18
	Account Name:		SYSTEM
	Account Domain:		NT AUTHORITY
	Logon ID:		0x3E7
	Linked Logon ID:		0x0
	Network Account Name:	-
	Network Account Domain:	-
	Logon GUID:		{00000000-0000-0000-0000-000000000000}

Process Information:
	Process ID:		0x5c0
	Process Name:		C:\Windows\System32\services.exe

Network Information:
	Workstation Name:	-
	Source Network Address:	-
	Source Port:		-

Detailed Authentication Information:
	Logon Process:		Advapi  
	Authentication Package:	Negotiate
	Transited Services:	-
	Package Name (NTLM only):	-
	Key Length:		0

This event is generated when a logon session is created. It is generated on the computer that was accessed.

The subject fields indicate the account on the local system which requested the logon. This is most commonly a service such as the Server service, or a local process such as Winlogon.exe or Services.exe.

The logon type field indicates the kind of logon that occurred. The most common types are 2 (interactive) and 3 (network).

The New Logon fields indicate the account for whom the new logon was created, i.e. the account that was logged on.

The network fields indicate where a remote logon request originated. Workstation name is not always available and may be left blank in some cases.

The impersonation level field indicates the extent to which a process in the logon session can impersonate.

The authentication information fields provide detailed information about this specific logon request.
	- Logon GUID is a unique identifier that can be used to correlate this event with a KDC event.
	- Transited services indicate which intermediate services have participated in this logon request.
	- Package name indicates which sub-protocol was used among the NTLM protocols.
	- Key length indicates the length of the generated session key. This will be 0 if no session key was requested."
"6/8/2026 3:39:10 PM","4797","Microsoft-Windows-Security-Auditing","Information","An attempt was made to query the existence of a blank password for an account.

Subject:
	Security ID:		S-1-5-21-1166803202-1272800745-2178753265-1001
	Account Name:		hampu
	Account Domain:		HAMPUSDATOR
	Logon ID:		0x42BF54

Additional Information:
	Caller Workstation:	HAMPUSDATOR
	Target Account Name:	WDAGUtilityAccount
	Target Account Domain:	HampusDator"
"6/8/2026 3:39:10 PM","4797","Microsoft-Windows-Security-Auditing","Information","An attempt was made to query the existence of a blank password for an account.

Subject:
	Security ID:		S-1-5-21-1166803202-1272800745-2178753265-1001
	Account Name:		hampu
	Account Domain:		HAMPUSDATOR
	Logon ID:		0x42BF54

Additional Information:
	Caller Workstation:	HAMPUSDATOR
	Target Account Name:	Guest
	Target Account Domain:	HampusDator"
"6/8/2026 3:39:10 PM","4797","Microsoft-Windows-Security-Auditing","Information","An attempt was made to query the existence of a blank password for an account.

Subject:
	Security ID:		S-1-5-21-1166803202-1272800745-2178753265-1001
	Account Name:		hampu
	Account Domain:		HAMPUSDATOR
	Logon ID:		0x42BF54

Additional Information:
	Caller Workstation:	HAMPUSDATOR
	Target Account Name:	DefaultAccount
	Target Account Domain:	HampusDator"
"6/8/2026 3:39:10 PM","4797","Microsoft-Windows-Security-Auditing","Information","An attempt was made to query the existence of a blank password for an account.

Subject:
	Security ID:		S-1-5-21-1166803202-1272800745-2178753265-1001
	Account Name:		hampu
	Account Domain:		HAMPUSDATOR
	Logon ID:		0x42BF54

Additional Information:
	Caller Workstation:	HAMPUSDATOR
	Target Account Name:	Administrator
	Target Account Domain:	HampusDator"
"6/8/2026 3:38:43 PM","4672","Microsoft-Windows-Security-Auditing","Information","Special privileges assigned to new logon.

Subject:
	Security ID:		S-1-5-18
	Account Name:		SYSTEM
	Account Domain:		NT AUTHORITY
	Logon ID:		0x3E7

Privileges:		SeAssignPrimaryTokenPrivilege
			SeTcbPrivilege
			SeSecurityPrivilege
			SeTakeOwnershipPrivilege
			SeLoadDriverPrivilege
			SeBackupPrivilege
			SeRestorePrivilege
			SeDebugPrivilege
			SeAuditPrivilege
			SeSystemEnvironmentPrivilege
			SeImpersonatePrivilege
			SeDelegateSessionUserImpersonatePrivilege"
"6/8/2026 3:38:43 PM","4624","Microsoft-Windows-Security-Auditing","Information","An account was successfully logged on.

Subject:
	Security ID:		S-1-5-18
	Account Name:		HAMPUSDATOR$
	Account Domain:		WORKGROUP
	Logon ID:		0x3E7

Logon Information:
	Logon Type:		5
	Restricted Admin Mode:	-
	Remote Credential Guard:	-
	Virtual Account:		No
	Elevated Token:		Yes

Impersonation Level:		Impersonation

New Logon:
	Security ID:		S-1-5-18
	Account Name:		SYSTEM
	Account Domain:		NT AUTHORITY
	Logon ID:		0x3E7
	Linked Logon ID:		0x0
	Network Account Name:	-
	Network Account Domain:	-
	Logon GUID:		{00000000-0000-0000-0000-000000000000}

Process Information:
	Process ID:		0x5c0
	Process Name:		C:\Windows\System32\services.exe

Network Information:
	Workstation Name:	-
	Source Network Address:	-
	Source Port:		-

Detailed Authentication Information:
	Logon Process:		Advapi  
	Authentication Package:	Negotiate
	Transited Services:	-
	Package Name (NTLM only):	-
	Key Length:		0

This event is generated when a logon session is created. It is generated on the computer that was accessed.

The subject fields indicate the account on the local system which requested the logon. This is most commonly a service such as the Server service, or a local process such as Winlogon.exe or Services.exe.

The logon type field indicates the kind of logon that occurred. The most common types are 2 (interactive) and 3 (network).

The New Logon fields indicate the account for whom the new logon was created, i.e. the account that was logged on.

The network fields indicate where a remote logon request originated. Workstation name is not always available and may be left blank in some cases.

The impersonation level field indicates the extent to which a process in the logon session can impersonate.

The authentication information fields provide detailed information about this specific logon request.
	- Logon GUID is a unique identifier that can be used to correlate this event with a KDC event.
	- Transited services indicate which intermediate services have participated in this logon request.
	- Package name indicates which sub-protocol was used among the NTLM protocols.
	- Key length indicates the length of the generated session key. This will be 0 if no session key was requested."
"6/8/2026 3:34:57 PM","4672","Microsoft-Windows-Security-Auditing","Information","Special privileges assigned to new logon.

Subject:
	Security ID:		S-1-5-18
	Account Name:		SYSTEM
	Account Domain:		NT AUTHORITY
	Logon ID:		0x3E7

Privileges:		SeAssignPrimaryTokenPrivilege
			SeTcbPrivilege
			SeSecurityPrivilege
			SeTakeOwnershipPrivilege
			SeLoadDriverPrivilege
			SeBackupPrivilege
			SeRestorePrivilege
			SeDebugPrivilege
			SeAuditPrivilege
			SeSystemEnvironmentPrivilege
			SeImpersonatePrivilege
			SeDelegateSessionUserImpersonatePrivilege"
"6/8/2026 3:34:57 PM","4624","Microsoft-Windows-Security-Auditing","Information","An account was successfully logged on.

Subject:
	Security ID:		S-1-5-18
	Account Name:		HAMPUSDATOR$
	Account Domain:		WORKGROUP
	Logon ID:		0x3E7

Logon Information:
	Logon Type:		5
	Restricted Admin Mode:	-
	Remote Credential Guard:	-
	Virtual Account:		No
	Elevated Token:		Yes

Impersonation Level:		Impersonation

New Logon:
	Security ID:		S-1-5-18
	Account Name:		SYSTEM
	Account Domain:		NT AUTHORITY
	Logon ID:		0x3E7
	Linked Logon ID:		0x0
	Network Account Name:	-
	Network Account Domain:	-
	Logon GUID:		{00000000-0000-0000-0000-000000000000}

Process Information:
	Process ID:		0x5c0
	Process Name:		C:\Windows\System32\services.exe

Network Information:
	Workstation Name:	-
	Source Network Address:	-
	Source Port:		-

Detailed Authentication Information:
	Logon Process:		Advapi  
	Authentication Package:	Negotiate
	Transited Services:	-
	Package Name (NTLM only):	-
	Key Length:		0

This event is generated when a logon session is created. It is generated on the computer that was accessed.

The subject fields indicate the account on the local system which requested the logon. This is most commonly a service such as the Server service, or a local process such as Winlogon.exe or Services.exe.

The logon type field indicates the kind of logon that occurred. The most common types are 2 (interactive) and 3 (network).

The New Logon fields indicate the account for whom the new logon was created, i.e. the account that was logged on.

The network fields indicate where a remote logon request originated. Workstation name is not always available and may be left blank in some cases.

The impersonation level field indicates the extent to which a process in the logon session can impersonate.

The authentication information fields provide detailed information about this specific logon request.
	- Logon GUID is a unique identifier that can be used to correlate this event with a KDC event.
	- Transited services indicate which intermediate services have participated in this logon request.
	- Package name indicates which sub-protocol was used among the NTLM protocols.
	- Key length indicates the length of the generated session key. This will be 0 if no session key was requested."
"6/8/2026 3:30:16 PM","5379","Microsoft-Windows-Security-Auditing","Information","Credential Manager credentials were read.

Subject:
	Security ID:		S-1-5-21-1166803202-1272800745-2178753265-1001
	Account Name:		hampu
	Account Domain:		HAMPUSDATOR
	Logon ID:		0x42BF54
	Read Operation:		Enumerate Credentials

This event occurs when a user performs a read operation on stored credentials in Credential Manager."
"6/8/2026 3:30:16 PM","5379","Microsoft-Windows-Security-Auditing","Information","Credential Manager credentials were read.

Subject:
	Security ID:		S-1-5-21-1166803202-1272800745-2178753265-1001
	Account Name:		hampu
	Account Domain:		HAMPUSDATOR
	Logon ID:		0x42BF54
	Read Operation:		Enumerate Credentials

This event occurs when a user performs a read operation on stored credentials in Credential Manager."
"6/8/2026 3:30:16 PM","5379","Microsoft-Windows-Security-Auditing","Information","Credential Manager credentials were read.

Subject:
	Security ID:		S-1-5-21-1166803202-1272800745-2178753265-1001
	Account Name:		hampu
	Account Domain:		HAMPUSDATOR
	Logon ID:		0x42BF54
	Read Operation:		Enumerate Credentials

This event occurs when a user performs a read operation on stored credentials in Credential Manager."
"6/8/2026 3:30:16 PM","5379","Microsoft-Windows-Security-Auditing","Information","Credential Manager credentials were read.

Subject:
	Security ID:		S-1-5-21-1166803202-1272800745-2178753265-1001
	Account Name:		hampu
	Account Domain:		HAMPUSDATOR
	Logon ID:		0x42BF54
	Read Operation:		Enumerate Credentials

This event occurs when a user performs a read operation on stored credentials in Credential Manager."
"6/8/2026 3:30:16 PM","5379","Microsoft-Windows-Security-Auditing","Information","Credential Manager credentials were read.

Subject:
	Security ID:		S-1-5-21-1166803202-1272800745-2178753265-1001
	Account Name:		hampu
	Account Domain:		HAMPUSDATOR
	Logon ID:		0x42BF54
	Read Operation:		Enumerate Credentials

This event occurs when a user performs a read operation on stored credentials in Credential Manager."
"6/8/2026 3:30:16 PM","5379","Microsoft-Windows-Security-Auditing","Information","Credential Manager credentials were read.

Subject:
	Security ID:		S-1-5-21-1166803202-1272800745-2178753265-1001
	Account Name:		hampu
	Account Domain:		HAMPUSDATOR
	Logon ID:		0x42BF54
	Read Operation:		Enumerate Credentials

This event occurs when a user performs a read operation on stored credentials in Credential Manager."
"6/8/2026 3:30:16 PM","5379","Microsoft-Windows-Security-Auditing","Information","Credential Manager credentials were read.

Subject:
	Security ID:		S-1-5-21-1166803202-1272800745-2178753265-1001
	Account Name:		hampu
	Account Domain:		HAMPUSDATOR
	Logon ID:		0x42BF54
	Read Operation:		Enumerate Credentials

This event occurs when a user performs a read operation on stored credentials in Credential Manager."
"6/8/2026 3:30:07 PM","4672","Microsoft-Windows-Security-Auditing","Information","Special privileges assigned to new logon.

Subject:
	Security ID:		S-1-5-18
	Account Name:		SYSTEM
	Account Domain:		NT AUTHORITY
	Logon ID:		0x3E7

Privileges:		SeAssignPrimaryTokenPrivilege
			SeTcbPrivilege
			SeSecurityPrivilege
			SeTakeOwnershipPrivilege
			SeLoadDriverPrivilege
			SeBackupPrivilege
			SeRestorePrivilege
			SeDebugPrivilege
			SeAuditPrivilege
			SeSystemEnvironmentPrivilege
			SeImpersonatePrivilege
			SeDelegateSessionUserImpersonatePrivilege"
"6/8/2026 3:30:07 PM","4624","Microsoft-Windows-Security-Auditing","Information","An account was successfully logged on.

Subject:
	Security ID:		S-1-5-18
	Account Name:		HAMPUSDATOR$
	Account Domain:		WORKGROUP
	Logon ID:		0x3E7

Logon Information:
	Logon Type:		5
	Restricted Admin Mode:	-
	Remote Credential Guard:	-
	Virtual Account:		No
	Elevated Token:		Yes

Impersonation Level:		Impersonation

New Logon:
	Security ID:		S-1-5-18
	Account Name:		SYSTEM
	Account Domain:		NT AUTHORITY
	Logon ID:		0x3E7
	Linked Logon ID:		0x0
	Network Account Name:	-
	Network Account Domain:	-
	Logon GUID:		{00000000-0000-0000-0000-000000000000}

Process Information:
	Process ID:		0x5c0
	Process Name:		C:\Windows\System32\services.exe

Network Information:
	Workstation Name:	-
	Source Network Address:	-
	Source Port:		-

Detailed Authentication Information:
	Logon Process:		Advapi  
	Authentication Package:	Negotiate
	Transited Services:	-
	Package Name (NTLM only):	-
	Key Length:		0

This event is generated when a logon session is created. It is generated on the computer that was accessed.

The subject fields indicate the account on the local system which requested the logon. This is most commonly a service such as the Server service, or a local process such as Winlogon.exe or Services.exe.

The logon type field indicates the kind of logon that occurred. The most common types are 2 (interactive) and 3 (network).

The New Logon fields indicate the account for whom the new logon was created, i.e. the account that was logged on.

The network fields indicate where a remote logon request originated. Workstation name is not always available and may be left blank in some cases.

The impersonation level field indicates the extent to which a process in the logon session can impersonate.

The authentication information fields provide detailed information about this specific logon request.
	- Logon GUID is a unique identifier that can be used to correlate this event with a KDC event.
	- Transited services indicate which intermediate services have participated in this logon request.
	- Package name indicates which sub-protocol was used among the NTLM protocols.
	- Key length indicates the length of the generated session key. This will be 0 if no session key was requested."
"6/8/2026 3:29:40 PM","5379","Microsoft-Windows-Security-Auditing","Information","Credential Manager credentials were read.

Subject:
	Security ID:		S-1-5-21-1166803202-1272800745-2178753265-1001
	Account Name:		hampu
	Account Domain:		HAMPUSDATOR
	Logon ID:		0x42BF54
	Read Operation:		Enumerate Credentials

This event occurs when a user performs a read operation on stored credentials in Credential Manager."
"6/8/2026 3:29:40 PM","5379","Microsoft-Windows-Security-Auditing","Information","Credential Manager credentials were read.

Subject:
	Security ID:		S-1-5-21-1166803202-1272800745-2178753265-1001
	Account Name:		hampu
	Account Domain:		HAMPUSDATOR
	Logon ID:		0x42BF54
	Read Operation:		Enumerate Credentials

This event occurs when a user performs a read operation on stored credentials in Credential Manager."
"6/8/2026 3:29:40 PM","5379","Microsoft-Windows-Security-Auditing","Information","Credential Manager credentials were read.

Subject:
	Security ID:		S-1-5-21-1166803202-1272800745-2178753265-1001
	Account Name:		hampu
	Account Domain:		HAMPUSDATOR
	Logon ID:		0x42BF54
	Read Operation:		Enumerate Credentials

This event occurs when a user performs a read operation on stored credentials in Credential Manager."
"6/8/2026 3:29:40 PM","5379","Microsoft-Windows-Security-Auditing","Information","Credential Manager credentials were read.

Subject:
	Security ID:		S-1-5-21-1166803202-1272800745-2178753265-1001
	Account Name:		hampu
	Account Domain:		HAMPUSDATOR
	Logon ID:		0x42BF54
	Read Operation:		Enumerate Credentials

This event occurs when a user performs a read operation on stored credentials in Credential Manager."
"6/8/2026 3:29:40 PM","5379","Microsoft-Windows-Security-Auditing","Information","Credential Manager credentials were read.

Subject:
	Security ID:		S-1-5-21-1166803202-1272800745-2178753265-1001
	Account Name:		hampu
	Account Domain:		HAMPUSDATOR
	Logon ID:		0x42BF54
	Read Operation:		Enumerate Credentials

This event occurs when a user performs a read operation on stored credentials in Credential Manager."
"6/8/2026 3:29:40 PM","5379","Microsoft-Windows-Security-Auditing","Information","Credential Manager credentials were read.

Subject:
	Security ID:		S-1-5-21-1166803202-1272800745-2178753265-1001
	Account Name:		hampu
	Account Domain:		HAMPUSDATOR
	Logon ID:		0x42BF54
	Read Operation:		Enumerate Credentials

This event occurs when a user performs a read operation on stored credentials in Credential Manager."
"6/8/2026 3:29:40 PM","5379","Microsoft-Windows-Security-Auditing","Information","Credential Manager credentials were read.

Subject:
	Security ID:		S-1-5-21-1166803202-1272800745-2178753265-1001
	Account Name:		hampu
	Account Domain:		HAMPUSDATOR
	Logon ID:		0x42BF54
	Read Operation:		Enumerate Credentials

This event occurs when a user performs a read operation on stored credentials in Credential Manager."
"6/8/2026 3:29:40 PM","5379","Microsoft-Windows-Security-Auditing","Information","Credential Manager credentials were read.

Subject:
	Security ID:		S-1-5-21-1166803202-1272800745-2178753265-1001
	Account Name:		hampu
	Account Domain:		HAMPUSDATOR
	Logon ID:		0x42BF54
	Read Operation:		Enumerate Credentials

This event occurs when a user performs a read operation on stored credentials in Credential Manager."
"6/8/2026 3:29:40 PM","5379","Microsoft-Windows-Security-Auditing","Information","Credential Manager credentials were read.

Subject:
	Security ID:		S-1-5-21-1166803202-1272800745-2178753265-1001
	Account Name:		hampu
	Account Domain:		HAMPUSDATOR
	Logon ID:		0x42BF54
	Read Operation:		Enumerate Credentials

This event occurs when a user performs a read operation on stored credentials in Credential Manager."
"6/8/2026 3:29:40 PM","5379","Microsoft-Windows-Security-Auditing","Information","Credential Manager credentials were read.

Subject:
	Security ID:		S-1-5-21-1166803202-1272800745-2178753265-1001
	Account Name:		hampu
	Account Domain:		HAMPUSDATOR
	Logon ID:		0x42BF54
	Read Operation:		Enumerate Credentials

This event occurs when a user performs a read operation on stored credentials in Credential Manager."
"6/8/2026 3:29:40 PM","5379","Microsoft-Windows-Security-Auditing","Information","Credential Manager credentials were read.

Subject:
	Security ID:		S-1-5-18
	Account Name:		HAMPUSDATOR$
	Account Domain:		WORKGROUP
	Logon ID:		0x3E7
	Read Operation:		Enumerate Credentials

This event occurs when a user performs a read operation on stored credentials in Credential Manager."
"6/8/2026 3:29:40 PM","5379","Microsoft-Windows-Security-Auditing","Information","Credential Manager credentials were read.

Subject:
	Security ID:		S-1-5-18
	Account Name:		HAMPUSDATOR$
	Account Domain:		WORKGROUP
	Logon ID:		0x3E7
	Read Operation:		Enumerate Credentials

This event occurs when a user performs a read operation on stored credentials in Credential Manager."
"6/8/2026 3:29:40 PM","5379","Microsoft-Windows-Security-Auditing","Information","Credential Manager credentials were read.

Subject:
	Security ID:		S-1-5-18
	Account Name:		HAMPUSDATOR$
	Account Domain:		WORKGROUP
	Logon ID:		0x3E7
	Read Operation:		Enumerate Credentials

This event occurs when a user performs a read operation on stored credentials in Credential Manager."
"6/8/2026 3:29:40 PM","5379","Microsoft-Windows-Security-Auditing","Information","Credential Manager credentials were read.

Subject:
	Security ID:		S-1-5-21-1166803202-1272800745-2178753265-1001
	Account Name:		hampu
	Account Domain:		HAMPUSDATOR
	Logon ID:		0x42BF54
	Read Operation:		Enumerate Credentials

This event occurs when a user performs a read operation on stored credentials in Credential Manager."
"6/8/2026 3:29:40 PM","5379","Microsoft-Windows-Security-Auditing","Information","Credential Manager credentials were read.

Subject:
	Security ID:		S-1-5-21-1166803202-1272800745-2178753265-1001
	Account Name:		hampu
	Account Domain:		HAMPUSDATOR
	Logon ID:		0x42BF54
	Read Operation:		Enumerate Credentials

This event occurs when a user performs a read operation on stored credentials in Credential Manager."
"6/8/2026 3:29:40 PM","5379","Microsoft-Windows-Security-Auditing","Information","Credential Manager credentials were read.

Subject:
	Security ID:		S-1-5-21-1166803202-1272800745-2178753265-1001
	Account Name:		hampu
	Account Domain:		HAMPUSDATOR
	Logon ID:		0x42BF54
	Read Operation:		Enumerate Credentials

This event occurs when a user performs a read operation on stored credentials in Credential Manager."
"6/8/2026 3:29:40 PM","4672","Microsoft-Windows-Security-Auditing","Information","Special privileges assigned to new logon.

Subject:
	Security ID:		S-1-5-18
	Account Name:		SYSTEM
	Account Domain:		NT AUTHORITY
	Logon ID:		0x3E7

Privileges:		SeAssignPrimaryTokenPrivilege
			SeTcbPrivilege
			SeSecurityPrivilege
			SeTakeOwnershipPrivilege
			SeLoadDriverPrivilege
			SeBackupPrivilege
			SeRestorePrivilege
			SeDebugPrivilege
			SeAuditPrivilege
			SeSystemEnvironmentPrivilege
			SeImpersonatePrivilege
			SeDelegateSessionUserImpersonatePrivilege"
"6/8/2026 3:29:40 PM","4624","Microsoft-Windows-Security-Auditing","Information","An account was successfully logged on.

Subject:
	Security ID:		S-1-5-18
	Account Name:		HAMPUSDATOR$
	Account Domain:		WORKGROUP
	Logon ID:		0x3E7

Logon Information:
	Logon Type:		5
	Restricted Admin Mode:	-
	Remote Credential Guard:	-
	Virtual Account:		No
	Elevated Token:		Yes

Impersonation Level:		Impersonation

New Logon:
	Security ID:		S-1-5-18
	Account Name:		SYSTEM
	Account Domain:		NT AUTHORITY
	Logon ID:		0x3E7
	Linked Logon ID:		0x0
	Network Account Name:	-
	Network Account Domain:	-
	Logon GUID:		{00000000-0000-0000-0000-000000000000}

Process Information:
	Process ID:		0x5c0
	Process Name:		C:\Windows\System32\services.exe

Network Information:
	Workstation Name:	-
	Source Network Address:	-
	Source Port:		-

Detailed Authentication Information:
	Logon Process:		Advapi  
	Authentication Package:	Negotiate
	Transited Services:	-
	Package Name (NTLM only):	-
	Key Length:		0

This event is generated when a logon session is created. It is generated on the computer that was accessed.

The subject fields indicate the account on the local system which requested the logon. This is most commonly a service such as the Server service, or a local process such as Winlogon.exe or Services.exe.

The logon type field indicates the kind of logon that occurred. The most common types are 2 (interactive) and 3 (network).

The New Logon fields indicate the account for whom the new logon was created, i.e. the account that was logged on.

The network fields indicate where a remote logon request originated. Workstation name is not always available and may be left blank in some cases.

The impersonation level field indicates the extent to which a process in the logon session can impersonate.

The authentication information fields provide detailed information about this specific logon request.
	- Logon GUID is a unique identifier that can be used to correlate this event with a KDC event.
	- Transited services indicate which intermediate services have participated in this logon request.
	- Package name indicates which sub-protocol was used among the NTLM protocols.
	- Key length indicates the length of the generated session key. This will be 0 if no session key was requested."
"6/8/2026 3:25:54 PM","4672","Microsoft-Windows-Security-Auditing","Information","Special privileges assigned to new logon.

Subject:
	Security ID:		S-1-5-18
	Account Name:		SYSTEM
	Account Domain:		NT AUTHORITY
	Logon ID:		0x3E7

Privileges:		SeAssignPrimaryTokenPrivilege
			SeTcbPrivilege
			SeSecurityPrivilege
			SeTakeOwnershipPrivilege
			SeLoadDriverPrivilege
			SeBackupPrivilege
			SeRestorePrivilege
			SeDebugPrivilege
			SeAuditPrivilege
			SeSystemEnvironmentPrivilege
			SeImpersonatePrivilege
			SeDelegateSessionUserImpersonatePrivilege"
"6/8/2026 3:25:54 PM","4624","Microsoft-Windows-Security-Auditing","Information","An account was successfully logged on.

Subject:
	Security ID:		S-1-5-18
	Account Name:		HAMPUSDATOR$
	Account Domain:		WORKGROUP
	Logon ID:		0x3E7

Logon Information:
	Logon Type:		5
	Restricted Admin Mode:	-
	Remote Credential Guard:	-
	Virtual Account:		No
	Elevated Token:		Yes

Impersonation Level:		Impersonation

New Logon:
	Security ID:		S-1-5-18
	Account Name:		SYSTEM
	Account Domain:		NT AUTHORITY
	Logon ID:		0x3E7
	Linked Logon ID:		0x0
	Network Account Name:	-
	Network Account Domain:	-
	Logon GUID:		{00000000-0000-0000-0000-000000000000}

Process Information:
	Process ID:		0x5c0
	Process Name:		C:\Windows\System32\services.exe

Network Information:
	Workstation Name:	-
	Source Network Address:	-
	Source Port:		-

Detailed Authentication Information:
	Logon Process:		Advapi  
	Authentication Package:	Negotiate
	Transited Services:	-
	Package Name (NTLM only):	-
	Key Length:		0

This event is generated when a logon session is created. It is generated on the computer that was accessed.

The subject fields indicate the account on the local system which requested the logon. This is most commonly a service such as the Server service, or a local process such as Winlogon.exe or Services.exe.

The logon type field indicates the kind of logon that occurred. The most common types are 2 (interactive) and 3 (network).

The New Logon fields indicate the account for whom the new logon was created, i.e. the account that was logged on.

The network fields indicate where a remote logon request originated. Workstation name is not always available and may be left blank in some cases.

The impersonation level field indicates the extent to which a process in the logon session can impersonate.

The authentication information fields provide detailed information about this specific logon request.
	- Logon GUID is a unique identifier that can be used to correlate this event with a KDC event.
	- Transited services indicate which intermediate services have participated in this logon request.
	- Package name indicates which sub-protocol was used among the NTLM protocols.
	- Key length indicates the length of the generated session key. This will be 0 if no session key was requested."
"6/8/2026 3:25:34 PM","4672","Microsoft-Windows-Security-Auditing","Information","Special privileges assigned to new logon.

Subject:
	Security ID:		S-1-5-18
	Account Name:		SYSTEM
	Account Domain:		NT AUTHORITY
	Logon ID:		0x3E7

Privileges:		SeAssignPrimaryTokenPrivilege
			SeTcbPrivilege
			SeSecurityPrivilege
			SeTakeOwnershipPrivilege
			SeLoadDriverPrivilege
			SeBackupPrivilege
			SeRestorePrivilege
			SeDebugPrivilege
			SeAuditPrivilege
			SeSystemEnvironmentPrivilege
			SeImpersonatePrivilege
			SeDelegateSessionUserImpersonatePrivilege"
"6/8/2026 3:25:34 PM","4624","Microsoft-Windows-Security-Auditing","Information","An account was successfully logged on.

Subject:
	Security ID:		S-1-5-18
	Account Name:		HAMPUSDATOR$
	Account Domain:		WORKGROUP
	Logon ID:		0x3E7

Logon Information:
	Logon Type:		5
	Restricted Admin Mode:	-
	Remote Credential Guard:	-
	Virtual Account:		No
	Elevated Token:		Yes

Impersonation Level:		Impersonation

New Logon:
	Security ID:		S-1-5-18
	Account Name:		SYSTEM
	Account Domain:		NT AUTHORITY
	Logon ID:		0x3E7
	Linked Logon ID:		0x0
	Network Account Name:	-
	Network Account Domain:	-
	Logon GUID:		{00000000-0000-0000-0000-000000000000}

Process Information:
	Process ID:		0x5c0
	Process Name:		C:\Windows\System32\services.exe

Network Information:
	Workstation Name:	-
	Source Network Address:	-
	Source Port:		-

Detailed Authentication Information:
	Logon Process:		Advapi  
	Authentication Package:	Negotiate
	Transited Services:	-
	Package Name (NTLM only):	-
	Key Length:		0

This event is generated when a logon session is created. It is generated on the computer that was accessed.

The subject fields indicate the account on the local system which requested the logon. This is most commonly a service such as the Server service, or a local process such as Winlogon.exe or Services.exe.

The logon type field indicates the kind of logon that occurred. The most common types are 2 (interactive) and 3 (network).

The New Logon fields indicate the account for whom the new logon was created, i.e. the account that was logged on.

The network fields indicate where a remote logon request originated. Workstation name is not always available and may be left blank in some cases.

The impersonation level field indicates the extent to which a process in the logon session can impersonate.

The authentication information fields provide detailed information about this specific logon request.
	- Logon GUID is a unique identifier that can be used to correlate this event with a KDC event.
	- Transited services indicate which intermediate services have participated in this logon request.
	- Package name indicates which sub-protocol was used among the NTLM protocols.
	- Key length indicates the length of the generated session key. This will be 0 if no session key was requested."
"6/8/2026 3:24:53 PM","4672","Microsoft-Windows-Security-Auditing","Information","Special privileges assigned to new logon.

Subject:
	Security ID:		S-1-5-18
	Account Name:		SYSTEM
	Account Domain:		NT AUTHORITY
	Logon ID:		0x3E7

Privileges:		SeAssignPrimaryTokenPrivilege
			SeTcbPrivilege
			SeSecurityPrivilege
			SeTakeOwnershipPrivilege
			SeLoadDriverPrivilege
			SeBackupPrivilege
			SeRestorePrivilege
			SeDebugPrivilege
			SeAuditPrivilege
			SeSystemEnvironmentPrivilege
			SeImpersonatePrivilege
			SeDelegateSessionUserImpersonatePrivilege"
"6/8/2026 3:24:53 PM","4624","Microsoft-Windows-Security-Auditing","Information","An account was successfully logged on.

Subject:
	Security ID:		S-1-5-18
	Account Name:		HAMPUSDATOR$
	Account Domain:		WORKGROUP
	Logon ID:		0x3E7

Logon Information:
	Logon Type:		5
	Restricted Admin Mode:	-
	Remote Credential Guard:	-
	Virtual Account:		No
	Elevated Token:		Yes

Impersonation Level:		Impersonation

New Logon:
	Security ID:		S-1-5-18
	Account Name:		SYSTEM
	Account Domain:		NT AUTHORITY
	Logon ID:		0x3E7
	Linked Logon ID:		0x0
	Network Account Name:	-
	Network Account Domain:	-
	Logon GUID:		{00000000-0000-0000-0000-000000000000}

Process Information:
	Process ID:		0x5c0
	Process Name:		C:\Windows\System32\services.exe

Network Information:
	Workstation Name:	-
	Source Network Address:	-
	Source Port:		-

Detailed Authentication Information:
	Logon Process:		Advapi  
	Authentication Package:	Negotiate
	Transited Services:	-
	Package Name (NTLM only):	-
	Key Length:		0

This event is generated when a logon session is created. It is generated on the computer that was accessed.

The subject fields indicate the account on the local system which requested the logon. This is most commonly a service such as the Server service, or a local process such as Winlogon.exe or Services.exe.

The logon type field indicates the kind of logon that occurred. The most common types are 2 (interactive) and 3 (network).

The New Logon fields indicate the account for whom the new logon was created, i.e. the account that was logged on.

The network fields indicate where a remote logon request originated. Workstation name is not always available and may be left blank in some cases.

The impersonation level field indicates the extent to which a process in the logon session can impersonate.

The authentication information fields provide detailed information about this specific logon request.
	- Logon GUID is a unique identifier that can be used to correlate this event with a KDC event.
	- Transited services indicate which intermediate services have participated in this logon request.
	- Package name indicates which sub-protocol was used among the NTLM protocols.
	- Key length indicates the length of the generated session key. This will be 0 if no session key was requested."
"6/8/2026 3:24:34 PM","5379","Microsoft-Windows-Security-Auditing","Information","Credential Manager credentials were read.

Subject:
	Security ID:		S-1-5-21-1166803202-1272800745-2178753265-1001
	Account Name:		hampu
	Account Domain:		HAMPUSDATOR
	Logon ID:		0x42BF54
	Read Operation:		Enumerate Credentials

This event occurs when a user performs a read operation on stored credentials in Credential Manager."
"6/8/2026 3:24:34 PM","5379","Microsoft-Windows-Security-Auditing","Information","Credential Manager credentials were read.

Subject:
	Security ID:		S-1-5-21-1166803202-1272800745-2178753265-1001
	Account Name:		hampu
	Account Domain:		HAMPUSDATOR
	Logon ID:		0x42BF54
	Read Operation:		Enumerate Credentials

This event occurs when a user performs a read operation on stored credentials in Credential Manager."
"6/8/2026 3:24:34 PM","5379","Microsoft-Windows-Security-Auditing","Information","Credential Manager credentials were read.

Subject:
	Security ID:		S-1-5-21-1166803202-1272800745-2178753265-1001
	Account Name:		hampu
	Account Domain:		HAMPUSDATOR
	Logon ID:		0x42BF54
	Read Operation:		Enumerate Credentials

This event occurs when a user performs a read operation on stored credentials in Credential Manager."
"6/8/2026 3:24:34 PM","5379","Microsoft-Windows-Security-Auditing","Information","Credential Manager credentials were read.

Subject:
	Security ID:		S-1-5-21-1166803202-1272800745-2178753265-1001
	Account Name:		hampu
	Account Domain:		HAMPUSDATOR
	Logon ID:		0x42BF54
	Read Operation:		Enumerate Credentials

This event occurs when a user performs a read operation on stored credentials in Credential Manager."
"6/8/2026 3:24:34 PM","5379","Microsoft-Windows-Security-Auditing","Information","Credential Manager credentials were read.

Subject:
	Security ID:		S-1-5-21-1166803202-1272800745-2178753265-1001
	Account Name:		hampu
	Account Domain:		HAMPUSDATOR
	Logon ID:		0x42BF54
	Read Operation:		Enumerate Credentials

This event occurs when a user performs a read operation on stored credentials in Credential Manager."
"6/8/2026 3:24:34 PM","5379","Microsoft-Windows-Security-Auditing","Information","Credential Manager credentials were read.

Subject:
	Security ID:		S-1-5-21-1166803202-1272800745-2178753265-1001
	Account Name:		hampu
	Account Domain:		HAMPUSDATOR
	Logon ID:		0x42BF54
	Read Operation:		Enumerate Credentials

This event occurs when a user performs a read operation on stored credentials in Credential Manager."
"6/8/2026 3:24:34 PM","5379","Microsoft-Windows-Security-Auditing","Information","Credential Manager credentials were read.

Subject:
	Security ID:		S-1-5-21-1166803202-1272800745-2178753265-1001
	Account Name:		hampu
	Account Domain:		HAMPUSDATOR
	Logon ID:		0x42BF54
	Read Operation:		Enumerate Credentials

This event occurs when a user performs a read operation on stored credentials in Credential Manager."
"6/8/2026 3:24:33 PM","4672","Microsoft-Windows-Security-Auditing","Information","Special privileges assigned to new logon.

Subject:
	Security ID:		S-1-5-18
	Account Name:		SYSTEM
	Account Domain:		NT AUTHORITY
	Logon ID:		0x3E7

Privileges:		SeAssignPrimaryTokenPrivilege
			SeTcbPrivilege
			SeSecurityPrivilege
			SeTakeOwnershipPrivilege
			SeLoadDriverPrivilege
			SeBackupPrivilege
			SeRestorePrivilege
			SeDebugPrivilege
			SeAuditPrivilege
			SeSystemEnvironmentPrivilege
			SeImpersonatePrivilege
			SeDelegateSessionUserImpersonatePrivilege"
"6/8/2026 3:24:33 PM","4624","Microsoft-Windows-Security-Auditing","Information","An account was successfully logged on.

Subject:
	Security ID:		S-1-5-18
	Account Name:		HAMPUSDATOR$
	Account Domain:		WORKGROUP
	Logon ID:		0x3E7

Logon Information:
	Logon Type:		5
	Restricted Admin Mode:	-
	Remote Credential Guard:	-
	Virtual Account:		No
	Elevated Token:		Yes

Impersonation Level:		Impersonation

New Logon:
	Security ID:		S-1-5-18
	Account Name:		SYSTEM
	Account Domain:		NT AUTHORITY
	Logon ID:		0x3E7
	Linked Logon ID:		0x0
	Network Account Name:	-
	Network Account Domain:	-
	Logon GUID:		{00000000-0000-0000-0000-000000000000}

Process Information:
	Process ID:		0x5c0
	Process Name:		C:\Windows\System32\services.exe

Network Information:
	Workstation Name:	-
	Source Network Address:	-
	Source Port:		-

Detailed Authentication Information:
	Logon Process:		Advapi  
	Authentication Package:	Negotiate
	Transited Services:	-
	Package Name (NTLM only):	-
	Key Length:		0

This event is generated when a logon session is created. It is generated on the computer that was accessed.

The subject fields indicate the account on the local system which requested the logon. This is most commonly a service such as the Server service, or a local process such as Winlogon.exe or Services.exe.

The logon type field indicates the kind of logon that occurred. The most common types are 2 (interactive) and 3 (network).

The New Logon fields indicate the account for whom the new logon was created, i.e. the account that was logged on.

The network fields indicate where a remote logon request originated. Workstation name is not always available and may be left blank in some cases.

The impersonation level field indicates the extent to which a process in the logon session can impersonate.

The authentication information fields provide detailed information about this specific logon request.
	- Logon GUID is a unique identifier that can be used to correlate this event with a KDC event.
	- Transited services indicate which intermediate services have participated in this logon request.
	- Package name indicates which sub-protocol was used among the NTLM protocols.
	- Key length indicates the length of the generated session key. This will be 0 if no session key was requested."
"6/8/2026 3:24:29 PM","5379","Microsoft-Windows-Security-Auditing","Information","Credential Manager credentials were read.

Subject:
	Security ID:		S-1-5-21-1166803202-1272800745-2178753265-1001
	Account Name:		hampu
	Account Domain:		HAMPUSDATOR
	Logon ID:		0x42BF54
	Read Operation:		Enumerate Credentials

This event occurs when a user performs a read operation on stored credentials in Credential Manager."
"6/8/2026 3:24:29 PM","5379","Microsoft-Windows-Security-Auditing","Information","Credential Manager credentials were read.

Subject:
	Security ID:		S-1-5-21-1166803202-1272800745-2178753265-1001
	Account Name:		hampu
	Account Domain:		HAMPUSDATOR
	Logon ID:		0x42BF54
	Read Operation:		Enumerate Credentials

This event occurs when a user performs a read operation on stored credentials in Credential Manager."
"6/8/2026 3:24:29 PM","5379","Microsoft-Windows-Security-Auditing","Information","Credential Manager credentials were read.

Subject:
	Security ID:		S-1-5-21-1166803202-1272800745-2178753265-1001
	Account Name:		hampu
	Account Domain:		HAMPUSDATOR
	Logon ID:		0x42BF54
	Read Operation:		Enumerate Credentials

This event occurs when a user performs a read operation on stored credentials in Credential Manager."
"6/8/2026 3:24:29 PM","5379","Microsoft-Windows-Security-Auditing","Information","Credential Manager credentials were read.

Subject:
	Security ID:		S-1-5-21-1166803202-1272800745-2178753265-1001
	Account Name:		hampu
	Account Domain:		HAMPUSDATOR
	Logon ID:		0x42BF54
	Read Operation:		Enumerate Credentials

This event occurs when a user performs a read operation on stored credentials in Credential Manager."
"6/8/2026 3:24:29 PM","5379","Microsoft-Windows-Security-Auditing","Information","Credential Manager credentials were read.

Subject:
	Security ID:		S-1-5-21-1166803202-1272800745-2178753265-1001
	Account Name:		hampu
	Account Domain:		HAMPUSDATOR
	Logon ID:		0x42BF54
	Read Operation:		Enumerate Credentials

This event occurs when a user performs a read operation on stored credentials in Credential Manager."
"6/8/2026 3:24:29 PM","5379","Microsoft-Windows-Security-Auditing","Information","Credential Manager credentials were read.

Subject:
	Security ID:		S-1-5-21-1166803202-1272800745-2178753265-1001
	Account Name:		hampu
	Account Domain:		HAMPUSDATOR
	Logon ID:		0x42BF54
	Read Operation:		Enumerate Credentials

This event occurs when a user performs a read operation on stored credentials in Credential Manager."
"6/8/2026 3:24:29 PM","5379","Microsoft-Windows-Security-Auditing","Information","Credential Manager credentials were read.

Subject:
	Security ID:		S-1-5-21-1166803202-1272800745-2178753265-1001
	Account Name:		hampu
	Account Domain:		HAMPUSDATOR
	Logon ID:		0x42BF54
	Read Operation:		Enumerate Credentials

This event occurs when a user performs a read operation on stored credentials in Credential Manager."
