"6/8/2026 2:03:10 PM","4688","Microsoft-Windows-Security-Auditing","Information","A new process has been created.

Creator Subject:
	Security ID:		S-1-5-18
	Account Name:		-
	Account Domain:		-
	Logon ID:		0x3E7

Target Subject:
	Security ID:		S-1-0-0
	Account Name:		-
	Account Domain:		-
	Logon ID:		0x0

Process Information:
	New Process ID:		0x148
	New Process Name:	Registry
	Token Elevation Type:	TokenElevationTypeDefault (1)
	Mandatory Label:		S-1-16-16384
	Creator Process ID:	0x4
	Creator Process Name:	
	Process Command Line:	

Token Elevation Type indicates the type of token that was assigned to the new process in accordance with User Account Control policy.

Type 1 is a full token with no privileges removed or groups disabled.  A full token is only used if User Account Control is disabled or if the user is the built-in Administrator account or a service account.

Type 2 is an elevated token with no privileges removed or groups disabled.  An elevated token is used when User Account Control is enabled and the user chooses to start the program using Run as administrator.  An elevated token is also used when an application is configured to always require administrative privilege or to always require maximum privilege, and the user is a member of the Administrators group.

Type 3 is a limited token with administrative privileges removed and administrative groups disabled.  The limited token is used when User Account Control is enabled, the application does not require administrative privilege, and the user does not choose to start the program using Run as administrator."
"6/8/2026 2:03:10 PM","4688","Microsoft-Windows-Security-Auditing","Information","A new process has been created.

Creator Subject:
	Security ID:		S-1-5-18
	Account Name:		-
	Account Domain:		-
	Logon ID:		0x3E7

Target Subject:
	Security ID:		S-1-0-0
	Account Name:		-
	Account Domain:		-
	Logon ID:		0x0

Process Information:
	New Process ID:		0x11c
	New Process Name:	
	Token Elevation Type:	TokenElevationTypeDefault (1)
	Mandatory Label:		S-1-16-16384
	Creator Process ID:	0x4
	Creator Process Name:	
	Process Command Line:	

Token Elevation Type indicates the type of token that was assigned to the new process in accordance with User Account Control policy.

Type 1 is a full token with no privileges removed or groups disabled.  A full token is only used if User Account Control is disabled or if the user is the built-in Administrator account or a service account.

Type 2 is an elevated token with no privileges removed or groups disabled.  An elevated token is used when User Account Control is enabled and the user chooses to start the program using Run as administrator.  An elevated token is also used when an application is configured to always require administrative privilege or to always require maximum privilege, and the user is a member of the Administrators group.

Type 3 is a limited token with administrative privileges removed and administrative groups disabled.  The limited token is used when User Account Control is enabled, the application does not require administrative privilege, and the user does not choose to start the program using Run as administrator."
"6/8/2026 2:01:35 PM","1100","Microsoft-Windows-Eventlog","Information","The event logging service has shut down."
"6/8/2026 2:01:33 PM","4672","Microsoft-Windows-Security-Auditing","Information","Special privileges assigned to new logon.

Subject:
	Security ID:		S-1-5-18
	Account Name:		SYSTEM
	Account Domain:		NT AUTHORITY
	Logon ID:		0x3E7

Privileges:		SeAssignPrimaryTokenPrivilege
			SeTcbPrivilege
			SeSecurityPrivilege
			SeTakeOwnershipPrivilege
			SeLoadDriverPrivilege
			SeBackupPrivilege
			SeRestorePrivilege
			SeDebugPrivilege
			SeAuditPrivilege
			SeSystemEnvironmentPrivilege
			SeImpersonatePrivilege
			SeDelegateSessionUserImpersonatePrivilege"
"6/8/2026 2:01:33 PM","4624","Microsoft-Windows-Security-Auditing","Information","An account was successfully logged on.

Subject:
	Security ID:		S-1-5-18
	Account Name:		HAMPUSDATOR$
	Account Domain:		WORKGROUP
	Logon ID:		0x3E7

Logon Information:
	Logon Type:		5
	Restricted Admin Mode:	-
	Remote Credential Guard:	-
	Virtual Account:		No
	Elevated Token:		Yes

Impersonation Level:		Impersonation

New Logon:
	Security ID:		S-1-5-18
	Account Name:		SYSTEM
	Account Domain:		NT AUTHORITY
	Logon ID:		0x3E7
	Linked Logon ID:		0x0
	Network Account Name:	-
	Network Account Domain:	-
	Logon GUID:		{00000000-0000-0000-0000-000000000000}

Process Information:
	Process ID:		0x5b8
	Process Name:		C:\Windows\System32\services.exe

Network Information:
	Workstation Name:	-
	Source Network Address:	-
	Source Port:		-

Detailed Authentication Information:
	Logon Process:		Advapi  
	Authentication Package:	Negotiate
	Transited Services:	-
	Package Name (NTLM only):	-
	Key Length:		0

This event is generated when a logon session is created. It is generated on the computer that was accessed.

The subject fields indicate the account on the local system which requested the logon. This is most commonly a service such as the Server service, or a local process such as Winlogon.exe or Services.exe.

The logon type field indicates the kind of logon that occurred. The most common types are 2 (interactive) and 3 (network).

The New Logon fields indicate the account for whom the new logon was created, i.e. the account that was logged on.

The network fields indicate where a remote logon request originated. Workstation name is not always available and may be left blank in some cases.

The impersonation level field indicates the extent to which a process in the logon session can impersonate.

The authentication information fields provide detailed information about this specific logon request.
	- Logon GUID is a unique identifier that can be used to correlate this event with a KDC event.
	- Transited services indicate which intermediate services have participated in this logon request.
	- Package name indicates which sub-protocol was used among the NTLM protocols.
	- Key length indicates the length of the generated session key. This will be 0 if no session key was requested."
"6/8/2026 2:01:33 PM","4672","Microsoft-Windows-Security-Auditing","Information","Special privileges assigned to new logon.

Subject:
	Security ID:		S-1-5-18
	Account Name:		SYSTEM
	Account Domain:		NT AUTHORITY
	Logon ID:		0x3E7

Privileges:		SeAssignPrimaryTokenPrivilege
			SeTcbPrivilege
			SeSecurityPrivilege
			SeTakeOwnershipPrivilege
			SeLoadDriverPrivilege
			SeBackupPrivilege
			SeRestorePrivilege
			SeDebugPrivilege
			SeAuditPrivilege
			SeSystemEnvironmentPrivilege
			SeImpersonatePrivilege
			SeDelegateSessionUserImpersonatePrivilege"
"6/8/2026 2:01:33 PM","4624","Microsoft-Windows-Security-Auditing","Information","An account was successfully logged on.

Subject:
	Security ID:		S-1-5-18
	Account Name:		HAMPUSDATOR$
	Account Domain:		WORKGROUP
	Logon ID:		0x3E7

Logon Information:
	Logon Type:		5
	Restricted Admin Mode:	-
	Remote Credential Guard:	-
	Virtual Account:		No
	Elevated Token:		Yes

Impersonation Level:		Impersonation

New Logon:
	Security ID:		S-1-5-18
	Account Name:		SYSTEM
	Account Domain:		NT AUTHORITY
	Logon ID:		0x3E7
	Linked Logon ID:		0x0
	Network Account Name:	-
	Network Account Domain:	-
	Logon GUID:		{00000000-0000-0000-0000-000000000000}

Process Information:
	Process ID:		0x5b8
	Process Name:		C:\Windows\System32\services.exe

Network Information:
	Workstation Name:	-
	Source Network Address:	-
	Source Port:		-

Detailed Authentication Information:
	Logon Process:		Advapi  
	Authentication Package:	Negotiate
	Transited Services:	-
	Package Name (NTLM only):	-
	Key Length:		0

This event is generated when a logon session is created. It is generated on the computer that was accessed.

The subject fields indicate the account on the local system which requested the logon. This is most commonly a service such as the Server service, or a local process such as Winlogon.exe or Services.exe.

The logon type field indicates the kind of logon that occurred. The most common types are 2 (interactive) and 3 (network).

The New Logon fields indicate the account for whom the new logon was created, i.e. the account that was logged on.

The network fields indicate where a remote logon request originated. Workstation name is not always available and may be left blank in some cases.

The impersonation level field indicates the extent to which a process in the logon session can impersonate.

The authentication information fields provide detailed information about this specific logon request.
	- Logon GUID is a unique identifier that can be used to correlate this event with a KDC event.
	- Transited services indicate which intermediate services have participated in this logon request.
	- Package name indicates which sub-protocol was used among the NTLM protocols.
	- Key length indicates the length of the generated session key. This will be 0 if no session key was requested."
"6/8/2026 2:01:28 PM","4672","Microsoft-Windows-Security-Auditing","Information","Special privileges assigned to new logon.

Subject:
	Security ID:		S-1-5-18
	Account Name:		SYSTEM
	Account Domain:		NT AUTHORITY
	Logon ID:		0x3E7

Privileges:		SeAssignPrimaryTokenPrivilege
			SeTcbPrivilege
			SeSecurityPrivilege
			SeTakeOwnershipPrivilege
			SeLoadDriverPrivilege
			SeBackupPrivilege
			SeRestorePrivilege
			SeDebugPrivilege
			SeAuditPrivilege
			SeSystemEnvironmentPrivilege
			SeImpersonatePrivilege
			SeDelegateSessionUserImpersonatePrivilege"
"6/8/2026 2:01:28 PM","4624","Microsoft-Windows-Security-Auditing","Information","An account was successfully logged on.

Subject:
	Security ID:		S-1-5-18
	Account Name:		HAMPUSDATOR$
	Account Domain:		WORKGROUP
	Logon ID:		0x3E7

Logon Information:
	Logon Type:		5
	Restricted Admin Mode:	-
	Remote Credential Guard:	-
	Virtual Account:		No
	Elevated Token:		Yes

Impersonation Level:		Impersonation

New Logon:
	Security ID:		S-1-5-18
	Account Name:		SYSTEM
	Account Domain:		NT AUTHORITY
	Logon ID:		0x3E7
	Linked Logon ID:		0x0
	Network Account Name:	-
	Network Account Domain:	-
	Logon GUID:		{00000000-0000-0000-0000-000000000000}

Process Information:
	Process ID:		0x5b8
	Process Name:		C:\Windows\System32\services.exe

Network Information:
	Workstation Name:	-
	Source Network Address:	-
	Source Port:		-

Detailed Authentication Information:
	Logon Process:		Advapi  
	Authentication Package:	Negotiate
	Transited Services:	-
	Package Name (NTLM only):	-
	Key Length:		0

This event is generated when a logon session is created. It is generated on the computer that was accessed.

The subject fields indicate the account on the local system which requested the logon. This is most commonly a service such as the Server service, or a local process such as Winlogon.exe or Services.exe.

The logon type field indicates the kind of logon that occurred. The most common types are 2 (interactive) and 3 (network).

The New Logon fields indicate the account for whom the new logon was created, i.e. the account that was logged on.

The network fields indicate where a remote logon request originated. Workstation name is not always available and may be left blank in some cases.

The impersonation level field indicates the extent to which a process in the logon session can impersonate.

The authentication information fields provide detailed information about this specific logon request.
	- Logon GUID is a unique identifier that can be used to correlate this event with a KDC event.
	- Transited services indicate which intermediate services have participated in this logon request.
	- Package name indicates which sub-protocol was used among the NTLM protocols.
	- Key length indicates the length of the generated session key. This will be 0 if no session key was requested."
"6/8/2026 2:01:28 PM","4647","Microsoft-Windows-Security-Auditing","Information","User initiated logoff:

Subject:
	Security ID:		S-1-5-21-1166803202-1272800745-2178753265-1001
	Account Name:		hampu
	Account Domain:		HAMPUSDATOR
	Logon ID:		0x2F4E7

This event is generated when a logoff is initiated. No further user-initiated activity can occur. This event can be interpreted as a logoff event."
"6/8/2026 2:01:23 PM","4672","Microsoft-Windows-Security-Auditing","Information","Special privileges assigned to new logon.

Subject:
	Security ID:		S-1-5-18
	Account Name:		SYSTEM
	Account Domain:		NT AUTHORITY
	Logon ID:		0x3E7

Privileges:		SeAssignPrimaryTokenPrivilege
			SeTcbPrivilege
			SeSecurityPrivilege
			SeTakeOwnershipPrivilege
			SeLoadDriverPrivilege
			SeBackupPrivilege
			SeRestorePrivilege
			SeDebugPrivilege
			SeAuditPrivilege
			SeSystemEnvironmentPrivilege
			SeImpersonatePrivilege
			SeDelegateSessionUserImpersonatePrivilege"
"6/8/2026 2:01:23 PM","4624","Microsoft-Windows-Security-Auditing","Information","An account was successfully logged on.

Subject:
	Security ID:		S-1-5-18
	Account Name:		HAMPUSDATOR$
	Account Domain:		WORKGROUP
	Logon ID:		0x3E7

Logon Information:
	Logon Type:		5
	Restricted Admin Mode:	-
	Remote Credential Guard:	-
	Virtual Account:		No
	Elevated Token:		Yes

Impersonation Level:		Impersonation

New Logon:
	Security ID:		S-1-5-18
	Account Name:		SYSTEM
	Account Domain:		NT AUTHORITY
	Logon ID:		0x3E7
	Linked Logon ID:		0x0
	Network Account Name:	-
	Network Account Domain:	-
	Logon GUID:		{00000000-0000-0000-0000-000000000000}

Process Information:
	Process ID:		0x5b8
	Process Name:		C:\Windows\System32\services.exe

Network Information:
	Workstation Name:	-
	Source Network Address:	-
	Source Port:		-

Detailed Authentication Information:
	Logon Process:		Advapi  
	Authentication Package:	Negotiate
	Transited Services:	-
	Package Name (NTLM only):	-
	Key Length:		0

This event is generated when a logon session is created. It is generated on the computer that was accessed.

The subject fields indicate the account on the local system which requested the logon. This is most commonly a service such as the Server service, or a local process such as Winlogon.exe or Services.exe.

The logon type field indicates the kind of logon that occurred. The most common types are 2 (interactive) and 3 (network).

The New Logon fields indicate the account for whom the new logon was created, i.e. the account that was logged on.

The network fields indicate where a remote logon request originated. Workstation name is not always available and may be left blank in some cases.

The impersonation level field indicates the extent to which a process in the logon session can impersonate.

The authentication information fields provide detailed information about this specific logon request.
	- Logon GUID is a unique identifier that can be used to correlate this event with a KDC event.
	- Transited services indicate which intermediate services have participated in this logon request.
	- Package name indicates which sub-protocol was used among the NTLM protocols.
	- Key length indicates the length of the generated session key. This will be 0 if no session key was requested."
"6/8/2026 2:00:53 PM","5379","Microsoft-Windows-Security-Auditing","Information","Credential Manager credentials were read.

Subject:
	Security ID:		S-1-5-21-1166803202-1272800745-2178753265-1001
	Account Name:		hampu
	Account Domain:		HAMPUSDATOR
	Logon ID:		0x2F4E7
	Read Operation:		Enumerate Credentials

This event occurs when a user performs a read operation on stored credentials in Credential Manager."
"6/8/2026 2:00:53 PM","5379","Microsoft-Windows-Security-Auditing","Information","Credential Manager credentials were read.

Subject:
	Security ID:		S-1-5-21-1166803202-1272800745-2178753265-1001
	Account Name:		hampu
	Account Domain:		HAMPUSDATOR
	Logon ID:		0x2F4E7
	Read Operation:		Enumerate Credentials

This event occurs when a user performs a read operation on stored credentials in Credential Manager."
"6/8/2026 2:00:53 PM","5379","Microsoft-Windows-Security-Auditing","Information","Credential Manager credentials were read.

Subject:
	Security ID:		S-1-5-21-1166803202-1272800745-2178753265-1001
	Account Name:		hampu
	Account Domain:		HAMPUSDATOR
	Logon ID:		0x2F4E7
	Read Operation:		Enumerate Credentials

This event occurs when a user performs a read operation on stored credentials in Credential Manager."
"6/8/2026 2:00:53 PM","5379","Microsoft-Windows-Security-Auditing","Information","Credential Manager credentials were read.

Subject:
	Security ID:		S-1-5-21-1166803202-1272800745-2178753265-1001
	Account Name:		hampu
	Account Domain:		HAMPUSDATOR
	Logon ID:		0x2F4E7
	Read Operation:		Enumerate Credentials

This event occurs when a user performs a read operation on stored credentials in Credential Manager."
"6/8/2026 2:00:53 PM","5379","Microsoft-Windows-Security-Auditing","Information","Credential Manager credentials were read.

Subject:
	Security ID:		S-1-5-21-1166803202-1272800745-2178753265-1001
	Account Name:		hampu
	Account Domain:		HAMPUSDATOR
	Logon ID:		0x2F4E7
	Read Operation:		Enumerate Credentials

This event occurs when a user performs a read operation on stored credentials in Credential Manager."
"6/8/2026 2:00:53 PM","5379","Microsoft-Windows-Security-Auditing","Information","Credential Manager credentials were read.

Subject:
	Security ID:		S-1-5-21-1166803202-1272800745-2178753265-1001
	Account Name:		hampu
	Account Domain:		HAMPUSDATOR
	Logon ID:		0x2F4E7
	Read Operation:		Enumerate Credentials

This event occurs when a user performs a read operation on stored credentials in Credential Manager."
"6/8/2026 2:00:53 PM","5379","Microsoft-Windows-Security-Auditing","Information","Credential Manager credentials were read.

Subject:
	Security ID:		S-1-5-21-1166803202-1272800745-2178753265-1001
	Account Name:		hampu
	Account Domain:		HAMPUSDATOR
	Logon ID:		0x2F4E7
	Read Operation:		Enumerate Credentials

This event occurs when a user performs a read operation on stored credentials in Credential Manager."
"6/8/2026 2:00:53 PM","5379","Microsoft-Windows-Security-Auditing","Information","Credential Manager credentials were read.

Subject:
	Security ID:		S-1-5-21-1166803202-1272800745-2178753265-1001
	Account Name:		hampu
	Account Domain:		HAMPUSDATOR
	Logon ID:		0x2F4E7
	Read Operation:		Enumerate Credentials

This event occurs when a user performs a read operation on stored credentials in Credential Manager."
"6/8/2026 2:00:53 PM","5379","Microsoft-Windows-Security-Auditing","Information","Credential Manager credentials were read.

Subject:
	Security ID:		S-1-5-21-1166803202-1272800745-2178753265-1001
	Account Name:		hampu
	Account Domain:		HAMPUSDATOR
	Logon ID:		0x2F4E7
	Read Operation:		Enumerate Credentials

This event occurs when a user performs a read operation on stored credentials in Credential Manager."
"6/8/2026 2:00:53 PM","5379","Microsoft-Windows-Security-Auditing","Information","Credential Manager credentials were read.

Subject:
	Security ID:		S-1-5-18
	Account Name:		HAMPUSDATOR$
	Account Domain:		WORKGROUP
	Logon ID:		0x3E7
	Read Operation:		Enumerate Credentials

This event occurs when a user performs a read operation on stored credentials in Credential Manager."
"6/8/2026 2:00:53 PM","5379","Microsoft-Windows-Security-Auditing","Information","Credential Manager credentials were read.

Subject:
	Security ID:		S-1-5-18
	Account Name:		HAMPUSDATOR$
	Account Domain:		WORKGROUP
	Logon ID:		0x3E7
	Read Operation:		Enumerate Credentials

This event occurs when a user performs a read operation on stored credentials in Credential Manager."
"6/8/2026 2:00:53 PM","5379","Microsoft-Windows-Security-Auditing","Information","Credential Manager credentials were read.

Subject:
	Security ID:		S-1-5-18
	Account Name:		HAMPUSDATOR$
	Account Domain:		WORKGROUP
	Logon ID:		0x3E7
	Read Operation:		Enumerate Credentials

This event occurs when a user performs a read operation on stored credentials in Credential Manager."
"6/8/2026 2:00:53 PM","5379","Microsoft-Windows-Security-Auditing","Information","Credential Manager credentials were read.

Subject:
	Security ID:		S-1-5-21-1166803202-1272800745-2178753265-1001
	Account Name:		hampu
	Account Domain:		HAMPUSDATOR
	Logon ID:		0x2F4E7
	Read Operation:		Enumerate Credentials

This event occurs when a user performs a read operation on stored credentials in Credential Manager."
"6/8/2026 2:00:53 PM","5379","Microsoft-Windows-Security-Auditing","Information","Credential Manager credentials were read.

Subject:
	Security ID:		S-1-5-21-1166803202-1272800745-2178753265-1001
	Account Name:		hampu
	Account Domain:		HAMPUSDATOR
	Logon ID:		0x2F4E7
	Read Operation:		Enumerate Credentials

This event occurs when a user performs a read operation on stored credentials in Credential Manager."
"6/8/2026 2:00:53 PM","5379","Microsoft-Windows-Security-Auditing","Information","Credential Manager credentials were read.

Subject:
	Security ID:		S-1-5-21-1166803202-1272800745-2178753265-1001
	Account Name:		hampu
	Account Domain:		HAMPUSDATOR
	Logon ID:		0x2F4E7
	Read Operation:		Enumerate Credentials

This event occurs when a user performs a read operation on stored credentials in Credential Manager."
"6/8/2026 2:00:53 PM","4672","Microsoft-Windows-Security-Auditing","Information","Special privileges assigned to new logon.

Subject:
	Security ID:		S-1-5-18
	Account Name:		SYSTEM
	Account Domain:		NT AUTHORITY
	Logon ID:		0x3E7

Privileges:		SeAssignPrimaryTokenPrivilege
			SeTcbPrivilege
			SeSecurityPrivilege
			SeTakeOwnershipPrivilege
			SeLoadDriverPrivilege
			SeBackupPrivilege
			SeRestorePrivilege
			SeDebugPrivilege
			SeAuditPrivilege
			SeSystemEnvironmentPrivilege
			SeImpersonatePrivilege
			SeDelegateSessionUserImpersonatePrivilege"
"6/8/2026 2:00:53 PM","4624","Microsoft-Windows-Security-Auditing","Information","An account was successfully logged on.

Subject:
	Security ID:		S-1-5-18
	Account Name:		HAMPUSDATOR$
	Account Domain:		WORKGROUP
	Logon ID:		0x3E7

Logon Information:
	Logon Type:		5
	Restricted Admin Mode:	-
	Remote Credential Guard:	-
	Virtual Account:		No
	Elevated Token:		Yes

Impersonation Level:		Impersonation

New Logon:
	Security ID:		S-1-5-18
	Account Name:		SYSTEM
	Account Domain:		NT AUTHORITY
	Logon ID:		0x3E7
	Linked Logon ID:		0x0
	Network Account Name:	-
	Network Account Domain:	-
	Logon GUID:		{00000000-0000-0000-0000-000000000000}

Process Information:
	Process ID:		0x5b8
	Process Name:		C:\Windows\System32\services.exe

Network Information:
	Workstation Name:	-
	Source Network Address:	-
	Source Port:		-

Detailed Authentication Information:
	Logon Process:		Advapi  
	Authentication Package:	Negotiate
	Transited Services:	-
	Package Name (NTLM only):	-
	Key Length:		0

This event is generated when a logon session is created. It is generated on the computer that was accessed.

The subject fields indicate the account on the local system which requested the logon. This is most commonly a service such as the Server service, or a local process such as Winlogon.exe or Services.exe.

The logon type field indicates the kind of logon that occurred. The most common types are 2 (interactive) and 3 (network).

The New Logon fields indicate the account for whom the new logon was created, i.e. the account that was logged on.

The network fields indicate where a remote logon request originated. Workstation name is not always available and may be left blank in some cases.

The impersonation level field indicates the extent to which a process in the logon session can impersonate.

The authentication information fields provide detailed information about this specific logon request.
	- Logon GUID is a unique identifier that can be used to correlate this event with a KDC event.
	- Transited services indicate which intermediate services have participated in this logon request.
	- Package name indicates which sub-protocol was used among the NTLM protocols.
	- Key length indicates the length of the generated session key. This will be 0 if no session key was requested."
"6/8/2026 1:56:43 PM","5379","Microsoft-Windows-Security-Auditing","Information","Credential Manager credentials were read.

Subject:
	Security ID:		S-1-5-21-1166803202-1272800745-2178753265-1001
	Account Name:		hampu
	Account Domain:		HAMPUSDATOR
	Logon ID:		0x2F4E7
	Read Operation:		Enumerate Credentials

This event occurs when a user performs a read operation on stored credentials in Credential Manager."
"6/8/2026 1:56:43 PM","5379","Microsoft-Windows-Security-Auditing","Information","Credential Manager credentials were read.

Subject:
	Security ID:		S-1-5-21-1166803202-1272800745-2178753265-1001
	Account Name:		hampu
	Account Domain:		HAMPUSDATOR
	Logon ID:		0x2F4E7
	Read Operation:		Enumerate Credentials

This event occurs when a user performs a read operation on stored credentials in Credential Manager."
"6/8/2026 1:56:43 PM","5379","Microsoft-Windows-Security-Auditing","Information","Credential Manager credentials were read.

Subject:
	Security ID:		S-1-5-21-1166803202-1272800745-2178753265-1001
	Account Name:		hampu
	Account Domain:		HAMPUSDATOR
	Logon ID:		0x2F4E7
	Read Operation:		Enumerate Credentials

This event occurs when a user performs a read operation on stored credentials in Credential Manager."
"6/8/2026 1:56:43 PM","5379","Microsoft-Windows-Security-Auditing","Information","Credential Manager credentials were read.

Subject:
	Security ID:		S-1-5-21-1166803202-1272800745-2178753265-1001
	Account Name:		hampu
	Account Domain:		HAMPUSDATOR
	Logon ID:		0x2F4E7
	Read Operation:		Enumerate Credentials

This event occurs when a user performs a read operation on stored credentials in Credential Manager."
"6/8/2026 1:56:43 PM","5379","Microsoft-Windows-Security-Auditing","Information","Credential Manager credentials were read.

Subject:
	Security ID:		S-1-5-21-1166803202-1272800745-2178753265-1001
	Account Name:		hampu
	Account Domain:		HAMPUSDATOR
	Logon ID:		0x2F4E7
	Read Operation:		Enumerate Credentials

This event occurs when a user performs a read operation on stored credentials in Credential Manager."
"6/8/2026 1:56:43 PM","5379","Microsoft-Windows-Security-Auditing","Information","Credential Manager credentials were read.

Subject:
	Security ID:		S-1-5-21-1166803202-1272800745-2178753265-1001
	Account Name:		hampu
	Account Domain:		HAMPUSDATOR
	Logon ID:		0x2F4E7
	Read Operation:		Enumerate Credentials

This event occurs when a user performs a read operation on stored credentials in Credential Manager."
"6/8/2026 1:56:43 PM","5379","Microsoft-Windows-Security-Auditing","Information","Credential Manager credentials were read.

Subject:
	Security ID:		S-1-5-21-1166803202-1272800745-2178753265-1001
	Account Name:		hampu
	Account Domain:		HAMPUSDATOR
	Logon ID:		0x2F4E7
	Read Operation:		Enumerate Credentials

This event occurs when a user performs a read operation on stored credentials in Credential Manager."
"6/8/2026 1:56:12 PM","4672","Microsoft-Windows-Security-Auditing","Information","Special privileges assigned to new logon.

Subject:
	Security ID:		S-1-5-18
	Account Name:		SYSTEM
	Account Domain:		NT AUTHORITY
	Logon ID:		0x3E7

Privileges:		SeAssignPrimaryTokenPrivilege
			SeTcbPrivilege
			SeSecurityPrivilege
			SeTakeOwnershipPrivilege
			SeLoadDriverPrivilege
			SeBackupPrivilege
			SeRestorePrivilege
			SeDebugPrivilege
			SeAuditPrivilege
			SeSystemEnvironmentPrivilege
			SeImpersonatePrivilege
			SeDelegateSessionUserImpersonatePrivilege"
"6/8/2026 1:56:12 PM","4624","Microsoft-Windows-Security-Auditing","Information","An account was successfully logged on.

Subject:
	Security ID:		S-1-5-18
	Account Name:		HAMPUSDATOR$
	Account Domain:		WORKGROUP
	Logon ID:		0x3E7

Logon Information:
	Logon Type:		5
	Restricted Admin Mode:	-
	Remote Credential Guard:	-
	Virtual Account:		No
	Elevated Token:		Yes

Impersonation Level:		Impersonation

New Logon:
	Security ID:		S-1-5-18
	Account Name:		SYSTEM
	Account Domain:		NT AUTHORITY
	Logon ID:		0x3E7
	Linked Logon ID:		0x0
	Network Account Name:	-
	Network Account Domain:	-
	Logon GUID:		{00000000-0000-0000-0000-000000000000}

Process Information:
	Process ID:		0x5b8
	Process Name:		C:\Windows\System32\services.exe

Network Information:
	Workstation Name:	-
	Source Network Address:	-
	Source Port:		-

Detailed Authentication Information:
	Logon Process:		Advapi  
	Authentication Package:	Negotiate
	Transited Services:	-
	Package Name (NTLM only):	-
	Key Length:		0

This event is generated when a logon session is created. It is generated on the computer that was accessed.

The subject fields indicate the account on the local system which requested the logon. This is most commonly a service such as the Server service, or a local process such as Winlogon.exe or Services.exe.

The logon type field indicates the kind of logon that occurred. The most common types are 2 (interactive) and 3 (network).

The New Logon fields indicate the account for whom the new logon was created, i.e. the account that was logged on.

The network fields indicate where a remote logon request originated. Workstation name is not always available and may be left blank in some cases.

The impersonation level field indicates the extent to which a process in the logon session can impersonate.

The authentication information fields provide detailed information about this specific logon request.
	- Logon GUID is a unique identifier that can be used to correlate this event with a KDC event.
	- Transited services indicate which intermediate services have participated in this logon request.
	- Package name indicates which sub-protocol was used among the NTLM protocols.
	- Key length indicates the length of the generated session key. This will be 0 if no session key was requested."
"6/8/2026 1:55:53 PM","5379","Microsoft-Windows-Security-Auditing","Information","Credential Manager credentials were read.

Subject:
	Security ID:		S-1-5-21-1166803202-1272800745-2178753265-1001
	Account Name:		hampu
	Account Domain:		HAMPUSDATOR
	Logon ID:		0x2F4E7
	Read Operation:		Enumerate Credentials

This event occurs when a user performs a read operation on stored credentials in Credential Manager."
"6/8/2026 1:55:53 PM","5379","Microsoft-Windows-Security-Auditing","Information","Credential Manager credentials were read.

Subject:
	Security ID:		S-1-5-21-1166803202-1272800745-2178753265-1001
	Account Name:		hampu
	Account Domain:		HAMPUSDATOR
	Logon ID:		0x2F4E7
	Read Operation:		Enumerate Credentials

This event occurs when a user performs a read operation on stored credentials in Credential Manager."
"6/8/2026 1:55:53 PM","5379","Microsoft-Windows-Security-Auditing","Information","Credential Manager credentials were read.

Subject:
	Security ID:		S-1-5-21-1166803202-1272800745-2178753265-1001
	Account Name:		hampu
	Account Domain:		HAMPUSDATOR
	Logon ID:		0x2F4E7
	Read Operation:		Enumerate Credentials

This event occurs when a user performs a read operation on stored credentials in Credential Manager."
"6/8/2026 1:55:53 PM","5379","Microsoft-Windows-Security-Auditing","Information","Credential Manager credentials were read.

Subject:
	Security ID:		S-1-5-21-1166803202-1272800745-2178753265-1001
	Account Name:		hampu
	Account Domain:		HAMPUSDATOR
	Logon ID:		0x2F4E7
	Read Operation:		Enumerate Credentials

This event occurs when a user performs a read operation on stored credentials in Credential Manager."
"6/8/2026 1:55:53 PM","5379","Microsoft-Windows-Security-Auditing","Information","Credential Manager credentials were read.

Subject:
	Security ID:		S-1-5-21-1166803202-1272800745-2178753265-1001
	Account Name:		hampu
	Account Domain:		HAMPUSDATOR
	Logon ID:		0x2F4E7
	Read Operation:		Enumerate Credentials

This event occurs when a user performs a read operation on stored credentials in Credential Manager."
"6/8/2026 1:55:53 PM","5379","Microsoft-Windows-Security-Auditing","Information","Credential Manager credentials were read.

Subject:
	Security ID:		S-1-5-21-1166803202-1272800745-2178753265-1001
	Account Name:		hampu
	Account Domain:		HAMPUSDATOR
	Logon ID:		0x2F4E7
	Read Operation:		Enumerate Credentials

This event occurs when a user performs a read operation on stored credentials in Credential Manager."
"6/8/2026 1:55:48 PM","4672","Microsoft-Windows-Security-Auditing","Information","Special privileges assigned to new logon.

Subject:
	Security ID:		S-1-5-18
	Account Name:		SYSTEM
	Account Domain:		NT AUTHORITY
	Logon ID:		0x3E7

Privileges:		SeAssignPrimaryTokenPrivilege
			SeTcbPrivilege
			SeSecurityPrivilege
			SeTakeOwnershipPrivilege
			SeLoadDriverPrivilege
			SeBackupPrivilege
			SeRestorePrivilege
			SeDebugPrivilege
			SeAuditPrivilege
			SeSystemEnvironmentPrivilege
			SeImpersonatePrivilege
			SeDelegateSessionUserImpersonatePrivilege"
"6/8/2026 1:55:48 PM","4624","Microsoft-Windows-Security-Auditing","Information","An account was successfully logged on.

Subject:
	Security ID:		S-1-5-18
	Account Name:		HAMPUSDATOR$
	Account Domain:		WORKGROUP
	Logon ID:		0x3E7

Logon Information:
	Logon Type:		5
	Restricted Admin Mode:	-
	Remote Credential Guard:	-
	Virtual Account:		No
	Elevated Token:		Yes

Impersonation Level:		Impersonation

New Logon:
	Security ID:		S-1-5-18
	Account Name:		SYSTEM
	Account Domain:		NT AUTHORITY
	Logon ID:		0x3E7
	Linked Logon ID:		0x0
	Network Account Name:	-
	Network Account Domain:	-
	Logon GUID:		{00000000-0000-0000-0000-000000000000}

Process Information:
	Process ID:		0x5b8
	Process Name:		C:\Windows\System32\services.exe

Network Information:
	Workstation Name:	-
	Source Network Address:	-
	Source Port:		-

Detailed Authentication Information:
	Logon Process:		Advapi  
	Authentication Package:	Negotiate
	Transited Services:	-
	Package Name (NTLM only):	-
	Key Length:		0

This event is generated when a logon session is created. It is generated on the computer that was accessed.

The subject fields indicate the account on the local system which requested the logon. This is most commonly a service such as the Server service, or a local process such as Winlogon.exe or Services.exe.

The logon type field indicates the kind of logon that occurred. The most common types are 2 (interactive) and 3 (network).

The New Logon fields indicate the account for whom the new logon was created, i.e. the account that was logged on.

The network fields indicate where a remote logon request originated. Workstation name is not always available and may be left blank in some cases.

The impersonation level field indicates the extent to which a process in the logon session can impersonate.

The authentication information fields provide detailed information about this specific logon request.
	- Logon GUID is a unique identifier that can be used to correlate this event with a KDC event.
	- Transited services indicate which intermediate services have participated in this logon request.
	- Package name indicates which sub-protocol was used among the NTLM protocols.
	- Key length indicates the length of the generated session key. This will be 0 if no session key was requested."
"6/8/2026 1:55:42 PM","5379","Microsoft-Windows-Security-Auditing","Information","Credential Manager credentials were read.

Subject:
	Security ID:		S-1-5-21-1166803202-1272800745-2178753265-1001
	Account Name:		hampu
	Account Domain:		HAMPUSDATOR
	Logon ID:		0x2F4E7
	Read Operation:		Enumerate Credentials

This event occurs when a user performs a read operation on stored credentials in Credential Manager."
"6/8/2026 1:55:42 PM","5379","Microsoft-Windows-Security-Auditing","Information","Credential Manager credentials were read.

Subject:
	Security ID:		S-1-5-21-1166803202-1272800745-2178753265-1001
	Account Name:		hampu
	Account Domain:		HAMPUSDATOR
	Logon ID:		0x2F4E7
	Read Operation:		Enumerate Credentials

This event occurs when a user performs a read operation on stored credentials in Credential Manager."
"6/8/2026 1:55:42 PM","5379","Microsoft-Windows-Security-Auditing","Information","Credential Manager credentials were read.

Subject:
	Security ID:		S-1-5-21-1166803202-1272800745-2178753265-1001
	Account Name:		hampu
	Account Domain:		HAMPUSDATOR
	Logon ID:		0x2F4E7
	Read Operation:		Enumerate Credentials

This event occurs when a user performs a read operation on stored credentials in Credential Manager."
"6/8/2026 1:55:42 PM","5379","Microsoft-Windows-Security-Auditing","Information","Credential Manager credentials were read.

Subject:
	Security ID:		S-1-5-21-1166803202-1272800745-2178753265-1001
	Account Name:		hampu
	Account Domain:		HAMPUSDATOR
	Logon ID:		0x2F4E7
	Read Operation:		Enumerate Credentials

This event occurs when a user performs a read operation on stored credentials in Credential Manager."
"6/8/2026 1:55:42 PM","5379","Microsoft-Windows-Security-Auditing","Information","Credential Manager credentials were read.

Subject:
	Security ID:		S-1-5-21-1166803202-1272800745-2178753265-1001
	Account Name:		hampu
	Account Domain:		HAMPUSDATOR
	Logon ID:		0x2F4E7
	Read Operation:		Enumerate Credentials

This event occurs when a user performs a read operation on stored credentials in Credential Manager."
"6/8/2026 1:55:42 PM","5379","Microsoft-Windows-Security-Auditing","Information","Credential Manager credentials were read.

Subject:
	Security ID:		S-1-5-21-1166803202-1272800745-2178753265-1001
	Account Name:		hampu
	Account Domain:		HAMPUSDATOR
	Logon ID:		0x2F4E7
	Read Operation:		Enumerate Credentials

This event occurs when a user performs a read operation on stored credentials in Credential Manager."
"6/8/2026 1:55:42 PM","5379","Microsoft-Windows-Security-Auditing","Information","Credential Manager credentials were read.

Subject:
	Security ID:		S-1-5-21-1166803202-1272800745-2178753265-1001
	Account Name:		hampu
	Account Domain:		HAMPUSDATOR
	Logon ID:		0x2F4E7
	Read Operation:		Enumerate Credentials

This event occurs when a user performs a read operation on stored credentials in Credential Manager."
"6/8/2026 1:55:41 PM","5379","Microsoft-Windows-Security-Auditing","Information","Credential Manager credentials were read.

Subject:
	Security ID:		S-1-5-21-1166803202-1272800745-2178753265-1001
	Account Name:		hampu
	Account Domain:		HAMPUSDATOR
	Logon ID:		0x2F4E7
	Read Operation:		Enumerate Credentials

This event occurs when a user performs a read operation on stored credentials in Credential Manager."
"6/8/2026 1:55:41 PM","5379","Microsoft-Windows-Security-Auditing","Information","Credential Manager credentials were read.

Subject:
	Security ID:		S-1-5-21-1166803202-1272800745-2178753265-1001
	Account Name:		hampu
	Account Domain:		HAMPUSDATOR
	Logon ID:		0x2F4E7
	Read Operation:		Enumerate Credentials

This event occurs when a user performs a read operation on stored credentials in Credential Manager."
"6/8/2026 1:55:41 PM","5379","Microsoft-Windows-Security-Auditing","Information","Credential Manager credentials were read.

Subject:
	Security ID:		S-1-5-21-1166803202-1272800745-2178753265-1001
	Account Name:		hampu
	Account Domain:		HAMPUSDATOR
	Logon ID:		0x2F4E7
	Read Operation:		Enumerate Credentials

This event occurs when a user performs a read operation on stored credentials in Credential Manager."
"6/8/2026 1:55:41 PM","5379","Microsoft-Windows-Security-Auditing","Information","Credential Manager credentials were read.

Subject:
	Security ID:		S-1-5-21-1166803202-1272800745-2178753265-1001
	Account Name:		hampu
	Account Domain:		HAMPUSDATOR
	Logon ID:		0x2F4E7
	Read Operation:		Enumerate Credentials

This event occurs when a user performs a read operation on stored credentials in Credential Manager."
"6/8/2026 1:55:41 PM","5379","Microsoft-Windows-Security-Auditing","Information","Credential Manager credentials were read.

Subject:
	Security ID:		S-1-5-21-1166803202-1272800745-2178753265-1001
	Account Name:		hampu
	Account Domain:		HAMPUSDATOR
	Logon ID:		0x2F4E7
	Read Operation:		Enumerate Credentials

This event occurs when a user performs a read operation on stored credentials in Credential Manager."
"6/8/2026 1:55:41 PM","5379","Microsoft-Windows-Security-Auditing","Information","Credential Manager credentials were read.

Subject:
	Security ID:		S-1-5-21-1166803202-1272800745-2178753265-1001
	Account Name:		hampu
	Account Domain:		HAMPUSDATOR
	Logon ID:		0x2F4E7
	Read Operation:		Enumerate Credentials

This event occurs when a user performs a read operation on stored credentials in Credential Manager."
"6/8/2026 1:55:41 PM","5379","Microsoft-Windows-Security-Auditing","Information","Credential Manager credentials were read.

Subject:
	Security ID:		S-1-5-21-1166803202-1272800745-2178753265-1001
	Account Name:		hampu
	Account Domain:		HAMPUSDATOR
	Logon ID:		0x2F4E7
	Read Operation:		Enumerate Credentials

This event occurs when a user performs a read operation on stored credentials in Credential Manager."
"6/8/2026 1:55:41 PM","5379","Microsoft-Windows-Security-Auditing","Information","Credential Manager credentials were read.

Subject:
	Security ID:		S-1-5-21-1166803202-1272800745-2178753265-1001
	Account Name:		hampu
	Account Domain:		HAMPUSDATOR
	Logon ID:		0x2F4E7
	Read Operation:		Enumerate Credentials

This event occurs when a user performs a read operation on stored credentials in Credential Manager."
"6/8/2026 1:55:41 PM","5379","Microsoft-Windows-Security-Auditing","Information","Credential Manager credentials were read.

Subject:
	Security ID:		S-1-5-21-1166803202-1272800745-2178753265-1001
	Account Name:		hampu
	Account Domain:		HAMPUSDATOR
	Logon ID:		0x2F4E7
	Read Operation:		Enumerate Credentials

This event occurs when a user performs a read operation on stored credentials in Credential Manager."
"6/8/2026 1:55:41 PM","5379","Microsoft-Windows-Security-Auditing","Information","Credential Manager credentials were read.

Subject:
	Security ID:		S-1-5-21-1166803202-1272800745-2178753265-1001
	Account Name:		hampu
	Account Domain:		HAMPUSDATOR
	Logon ID:		0x2F4E7
	Read Operation:		Enumerate Credentials

This event occurs when a user performs a read operation on stored credentials in Credential Manager."
"6/8/2026 1:55:41 PM","5379","Microsoft-Windows-Security-Auditing","Information","Credential Manager credentials were read.

Subject:
	Security ID:		S-1-5-21-1166803202-1272800745-2178753265-1001
	Account Name:		hampu
	Account Domain:		HAMPUSDATOR
	Logon ID:		0x2F4E7
	Read Operation:		Enumerate Credentials

This event occurs when a user performs a read operation on stored credentials in Credential Manager."
"6/8/2026 1:55:41 PM","5379","Microsoft-Windows-Security-Auditing","Information","Credential Manager credentials were read.

Subject:
	Security ID:		S-1-5-21-1166803202-1272800745-2178753265-1001
	Account Name:		hampu
	Account Domain:		HAMPUSDATOR
	Logon ID:		0x2F4E7
	Read Operation:		Enumerate Credentials

This event occurs when a user performs a read operation on stored credentials in Credential Manager."
"6/8/2026 1:55:41 PM","5379","Microsoft-Windows-Security-Auditing","Information","Credential Manager credentials were read.

Subject:
	Security ID:		S-1-5-21-1166803202-1272800745-2178753265-1001
	Account Name:		hampu
	Account Domain:		HAMPUSDATOR
	Logon ID:		0x2F4E7
	Read Operation:		Enumerate Credentials

This event occurs when a user performs a read operation on stored credentials in Credential Manager."
"6/8/2026 1:55:41 PM","5379","Microsoft-Windows-Security-Auditing","Information","Credential Manager credentials were read.

Subject:
	Security ID:		S-1-5-21-1166803202-1272800745-2178753265-1001
	Account Name:		hampu
	Account Domain:		HAMPUSDATOR
	Logon ID:		0x2F4E7
	Read Operation:		Enumerate Credentials

This event occurs when a user performs a read operation on stored credentials in Credential Manager."
"6/8/2026 1:55:41 PM","5379","Microsoft-Windows-Security-Auditing","Information","Credential Manager credentials were read.

Subject:
	Security ID:		S-1-5-21-1166803202-1272800745-2178753265-1001
	Account Name:		hampu
	Account Domain:		HAMPUSDATOR
	Logon ID:		0x2F4E7
	Read Operation:		Enumerate Credentials

This event occurs when a user performs a read operation on stored credentials in Credential Manager."
"6/8/2026 1:55:41 PM","5379","Microsoft-Windows-Security-Auditing","Information","Credential Manager credentials were read.

Subject:
	Security ID:		S-1-5-21-1166803202-1272800745-2178753265-1001
	Account Name:		hampu
	Account Domain:		HAMPUSDATOR
	Logon ID:		0x2F4E7
	Read Operation:		Enumerate Credentials

This event occurs when a user performs a read operation on stored credentials in Credential Manager."
"6/8/2026 1:55:41 PM","5379","Microsoft-Windows-Security-Auditing","Information","Credential Manager credentials were read.

Subject:
	Security ID:		S-1-5-18
	Account Name:		HAMPUSDATOR$
	Account Domain:		WORKGROUP
	Logon ID:		0x3E7
	Read Operation:		Enumerate Credentials

This event occurs when a user performs a read operation on stored credentials in Credential Manager."
"6/8/2026 1:55:41 PM","5379","Microsoft-Windows-Security-Auditing","Information","Credential Manager credentials were read.

Subject:
	Security ID:		S-1-5-18
	Account Name:		HAMPUSDATOR$
	Account Domain:		WORKGROUP
	Logon ID:		0x3E7
	Read Operation:		Enumerate Credentials

This event occurs when a user performs a read operation on stored credentials in Credential Manager."
"6/8/2026 1:55:41 PM","5379","Microsoft-Windows-Security-Auditing","Information","Credential Manager credentials were read.

Subject:
	Security ID:		S-1-5-18
	Account Name:		HAMPUSDATOR$
	Account Domain:		WORKGROUP
	Logon ID:		0x3E7
	Read Operation:		Enumerate Credentials

This event occurs when a user performs a read operation on stored credentials in Credential Manager."
"6/8/2026 1:55:41 PM","5379","Microsoft-Windows-Security-Auditing","Information","Credential Manager credentials were read.

Subject:
	Security ID:		S-1-5-21-1166803202-1272800745-2178753265-1001
	Account Name:		hampu
	Account Domain:		HAMPUSDATOR
	Logon ID:		0x2F4E7
	Read Operation:		Enumerate Credentials

This event occurs when a user performs a read operation on stored credentials in Credential Manager."
"6/8/2026 1:55:41 PM","5379","Microsoft-Windows-Security-Auditing","Information","Credential Manager credentials were read.

Subject:
	Security ID:		S-1-5-21-1166803202-1272800745-2178753265-1001
	Account Name:		hampu
	Account Domain:		HAMPUSDATOR
	Logon ID:		0x2F4E7
	Read Operation:		Enumerate Credentials

This event occurs when a user performs a read operation on stored credentials in Credential Manager."
"6/8/2026 1:55:41 PM","5379","Microsoft-Windows-Security-Auditing","Information","Credential Manager credentials were read.

Subject:
	Security ID:		S-1-5-21-1166803202-1272800745-2178753265-1001
	Account Name:		hampu
	Account Domain:		HAMPUSDATOR
	Logon ID:		0x2F4E7
	Read Operation:		Enumerate Credentials

This event occurs when a user performs a read operation on stored credentials in Credential Manager."
"6/8/2026 1:55:41 PM","4672","Microsoft-Windows-Security-Auditing","Information","Special privileges assigned to new logon.

Subject:
	Security ID:		S-1-5-18
	Account Name:		SYSTEM
	Account Domain:		NT AUTHORITY
	Logon ID:		0x3E7

Privileges:		SeAssignPrimaryTokenPrivilege
			SeTcbPrivilege
			SeSecurityPrivilege
			SeTakeOwnershipPrivilege
			SeLoadDriverPrivilege
			SeBackupPrivilege
			SeRestorePrivilege
			SeDebugPrivilege
			SeAuditPrivilege
			SeSystemEnvironmentPrivilege
			SeImpersonatePrivilege
			SeDelegateSessionUserImpersonatePrivilege"
"6/8/2026 1:55:41 PM","4624","Microsoft-Windows-Security-Auditing","Information","An account was successfully logged on.

Subject:
	Security ID:		S-1-5-18
	Account Name:		HAMPUSDATOR$
	Account Domain:		WORKGROUP
	Logon ID:		0x3E7

Logon Information:
	Logon Type:		5
	Restricted Admin Mode:	-
	Remote Credential Guard:	-
	Virtual Account:		No
	Elevated Token:		Yes

Impersonation Level:		Impersonation

New Logon:
	Security ID:		S-1-5-18
	Account Name:		SYSTEM
	Account Domain:		NT AUTHORITY
	Logon ID:		0x3E7
	Linked Logon ID:		0x0
	Network Account Name:	-
	Network Account Domain:	-
	Logon GUID:		{00000000-0000-0000-0000-000000000000}

Process Information:
	Process ID:		0x5b8
	Process Name:		C:\Windows\System32\services.exe

Network Information:
	Workstation Name:	-
	Source Network Address:	-
	Source Port:		-

Detailed Authentication Information:
	Logon Process:		Advapi  
	Authentication Package:	Negotiate
	Transited Services:	-
	Package Name (NTLM only):	-
	Key Length:		0

This event is generated when a logon session is created. It is generated on the computer that was accessed.

The subject fields indicate the account on the local system which requested the logon. This is most commonly a service such as the Server service, or a local process such as Winlogon.exe or Services.exe.

The logon type field indicates the kind of logon that occurred. The most common types are 2 (interactive) and 3 (network).

The New Logon fields indicate the account for whom the new logon was created, i.e. the account that was logged on.

The network fields indicate where a remote logon request originated. Workstation name is not always available and may be left blank in some cases.

The impersonation level field indicates the extent to which a process in the logon session can impersonate.

The authentication information fields provide detailed information about this specific logon request.
	- Logon GUID is a unique identifier that can be used to correlate this event with a KDC event.
	- Transited services indicate which intermediate services have participated in this logon request.
	- Package name indicates which sub-protocol was used among the NTLM protocols.
	- Key length indicates the length of the generated session key. This will be 0 if no session key was requested."
